{"meta": {"format": 3, "version": "7.13.4", "timestamp": "2026-02-10T00:17:59.323775", "branch_coverage": false, "show_contexts": false}, "files": {"integrations/graphiti/__init__.py": {"executed_lines": [9, 12, 21, 23, 27, 31, 35], "summary": {"covered_lines": 7, "num_statements": 13, "percent_covered": 53.84615384615385, "percent_covered_display": "53.8", "missing_lines": 6, "excluded_lines": 0, "percent_statements_covered": 53.84615384615385, "percent_statements_covered_display": "53.8"}, "missing_lines": [24, 26, 28, 30, 32, 34], "excluded_lines": [], "functions": {"__getattr__": {"executed_lines": [23, 27, 31, 35], "summary": {"covered_lines": 4, "num_statements": 10, "percent_covered": 40.0, "percent_covered_display": "40.0", "missing_lines": 6, "excluded_lines": 0, "percent_statements_covered": 40.0, "percent_statements_covered_display": "40.0"}, "missing_lines": [24, 26, 28, 30, 32, 34], "excluded_lines": [], "start_line": 21}, "": {"executed_lines": [9, 12, 21], "summary": {"covered_lines": 3, "num_statements": 3, "percent_covered": 100.0, "percent_covered_display": "100.0", "missing_lines": 0, "excluded_lines": 0, "percent_statements_covered": 100.0, "percent_statements_covered_display": "100.0"}, "missing_lines": [], "excluded_lines": [], "start_line": 1}}, "classes": {"": {"executed_lines": [9, 12, 21, 23, 27, 31, 35], "summary": {"covered_lines": 7, "num_statements": 13, "percent_covered": 53.84615384615385, "percent_covered_display": "53.8", "missing_lines": 6, "excluded_lines": 0, "percent_statements_covered": 53.84615384615385, "percent_statements_covered_display": "53.8"}, "missing_lines": [24, 26, 28, 30, 32, 34], "excluded_lines": [], "start_line": 1}}}, "integrations/graphiti/config.py": {"executed_lines": [58, 59, 60, 61, 62, 63, 64, 67, 68, 69, 72, 75, 76, 77, 78, 79, 80, 81, 84, 87, 88, 89, 90, 91, 92, 95, 98, 99, 100, 101, 102, 103, 106, 107, 114, 115, 116, 119, 120, 123, 124, 125, 128, 129, 132, 133, 134, 135, 138, 139, 142, 143, 144, 147, 148, 149, 150, 153, 154, 155, 156, 158, 159, 162, 163, 166, 167, 172, 173, 176, 177, 178, 183, 184, 189, 190, 191, 192, 197, 198, 201, 202, 203, 208, 209, 212, 215, 220, 221, 222, 225, 226, 227, 228, 230, 260, 270, 271, 275, 277, 298, 300, 302, 303, 304, 310, 311, 312, 313, 314, 315, 316, 317, 318, 321, 322, 325, 326, 329, 330, 331, 335, 336, 337, 338, 339, 340, 344, 346, 348, 356, 357, 358, 359, 361, 363, 365, 372, 373, 374, 376, 377, 378, 379, 380, 381, 382, 383, 384, 385, 386, 387, 388, 389, 391, 392, 394, 395, 397, 398, 400, 401, 404, 405, 406, 407, 408, 409, 410, 412, 415, 425, 426, 428, 430, 431, 433, 435, 445, 446, 449, 457, 458, 459, 461, 462, 465, 466, 469, 470, 471, 472, 473, 474, 475, 477, 478, 480, 481, 493, 494, 495, 507, 509, 510, 511, 513, 514, 516, 517, 518, 520, 521, 522, 523, 524, 526, 528, 535, 537, 547, 548, 550, 552, 562, 563, 565, 575, 583, 584, 587, 602, 604, 615, 616, 617, 620, 621, 622, 627, 632, 634, 635, 639, 640, 641, 643, 646, 653, 655, 656, 659, 660, 661, 664, 665, 668, 669, 670, 671, 672, 675, 676, 679, 680, 681, 684, 685, 686, 689, 690, 691, 692, 694, 700, 709, 711, 712, 713, 715], "summary": {"covered_lines": 280, "num_statements": 297, "percent_covered": 94.27609427609427, "percent_covered_display": "94.3", "missing_lines": 17, "excluded_lines": 0, "percent_statements_covered": 94.27609427609427, "percent_statements_covered_display": "94.3"}, "missing_lines": [279, 280, 281, 282, 283, 284, 289, 291, 292, 293, 294, 295, 296, 413, 628, 629, 638], "excluded_lines": [], "functions": {"GraphitiConfig.from_env": {"executed_lines": [162, 163, 166, 167, 172, 173, 176, 177, 178, 183, 184, 189, 190, 191, 192, 197, 198, 201, 202, 203, 208, 209, 212, 215, 220, 221, 222, 225, 226, 227, 228, 230], "summary": {"covered_lines": 32, "num_statements": 32, "percent_covered": 100.0, "percent_covered_display": "100.0", "missing_lines": 0, "excluded_lines": 0, "percent_statements_covered": 100.0, "percent_statements_covered_display": "100.0"}, "missing_lines": [], "excluded_lines": [], "start_line": 159}, "GraphitiConfig.is_valid": {"executed_lines": [270, 271, 275], "summary": {"covered_lines": 3, "num_statements": 3, "percent_covered": 100.0, "percent_covered_display": "100.0", "missing_lines": 0, "excluded_lines": 0, "percent_statements_covered": 100.0, "percent_statements_covered_display": "100.0"}, "missing_lines": [], "excluded_lines": [], "start_line": 260}, "GraphitiConfig._validate_embedder_provider": {"executed_lines": [], "summary": {"covered_lines": 0, "num_statements": 13, "percent_covered": 0.0, "percent_covered_display": "0.0", "missing_lines": 13, "excluded_lines": 0, "percent_statements_covered": 0.0, "percent_statements_covered_display": "0.0"}, "missing_lines": [279, 280, 281, 282, 283, 284, 289, 291, 292, 293, 294, 295, 296], "excluded_lines": [], "start_line": 277}, "GraphitiConfig.get_validation_errors": {"executed_lines": [300, 302, 303, 304, 310, 311, 312, 313, 314, 315, 316, 317, 318, 321, 322, 325, 326, 329, 330, 331, 335, 336, 337, 338, 339, 340, 344, 346], "summary": {"covered_lines": 28, "num_statements": 28, "percent_covered": 100.0, "percent_covered_display": "100.0", "missing_lines": 0, "excluded_lines": 0, "percent_statements_covered": 100.0, "percent_statements_covered_display": "100.0"}, "missing_lines": [], "excluded_lines": [], "start_line": 298}, "GraphitiConfig.get_db_path": {"executed_lines": [356, 357, 358, 359], "summary": {"covered_lines": 4, "num_statements": 4, "percent_covered": 100.0, "percent_covered_display": "100.0", "missing_lines": 0, "excluded_lines": 0, "percent_statements_covered": 100.0, "percent_statements_covered_display": "100.0"}, "missing_lines": [], "excluded_lines": [], "start_line": 348}, "GraphitiConfig.get_provider_summary": {"executed_lines": [363], "summary": {"covered_lines": 1, "num_statements": 1, "percent_covered": 100.0, "percent_covered_display": "100.0", "missing_lines": 0, "excluded_lines": 0, "percent_statements_covered": 100.0, "percent_statements_covered_display": "100.0"}, "missing_lines": [], "excluded_lines": [], "start_line": 361}, "GraphitiConfig.get_embedding_dimension": {"executed_lines": [372, 373, 374, 376, 377, 378, 379, 380, 381, 382, 383, 384, 385, 386, 387, 388, 389, 391, 392, 394, 395, 397, 398, 400, 401, 404, 405, 406, 407, 408, 409, 410, 412], "summary": {"covered_lines": 33, "num_statements": 34, "percent_covered": 97.05882352941177, "percent_covered_display": "97.1", "missing_lines": 1, "excluded_lines": 0, "percent_statements_covered": 97.05882352941177, "percent_statements_covered_display": "97.1"}, "missing_lines": [413], "excluded_lines": [], "start_line": 365}, "GraphitiConfig.get_provider_signature": {"executed_lines": [425, 426, 428, 430, 431, 433], "summary": {"covered_lines": 6, "num_statements": 6, "percent_covered": 100.0, "percent_covered_display": "100.0", "missing_lines": 0, "excluded_lines": 0, "percent_statements_covered": 100.0, "percent_statements_covered_display": "100.0"}, "missing_lines": [], "excluded_lines": [], "start_line": 415}, "GraphitiConfig.get_provider_specific_database_name": {"executed_lines": [445, 446, 449, 457, 458, 459, 461, 462], "summary": {"covered_lines": 8, "num_statements": 8, "percent_covered": 100.0, "percent_covered_display": "100.0", "missing_lines": 0, "excluded_lines": 0, "percent_statements_covered": 100.0, "percent_statements_covered_display": "100.0"}, "missing_lines": [], "excluded_lines": [], "start_line": 435}, "GraphitiState.to_dict": {"executed_lines": [481], "summary": {"covered_lines": 1, "num_statements": 1, "percent_covered": 100.0, "percent_covered_display": "100.0", "missing_lines": 0, "excluded_lines": 0, "percent_statements_covered": 100.0, "percent_statements_covered_display": "100.0"}, "missing_lines": [], "excluded_lines": [], "start_line": 480}, "GraphitiState.from_dict": {"executed_lines": [495], "summary": {"covered_lines": 1, "num_statements": 1, "percent_covered": 100.0, "percent_covered_display": "100.0", "missing_lines": 0, "excluded_lines": 0, "percent_statements_covered": 100.0, "percent_statements_covered_display": "100.0"}, "missing_lines": [], "excluded_lines": [], "start_line": 494}, "GraphitiState.save": {"executed_lines": [509, 510, 511], "summary": {"covered_lines": 3, "num_statements": 3, "percent_covered": 100.0, "percent_covered_display": "100.0", "missing_lines": 0, "excluded_lines": 0, "percent_statements_covered": 100.0, "percent_statements_covered_display": "100.0"}, "missing_lines": [], "excluded_lines": [], "start_line": 507}, "GraphitiState.load": {"executed_lines": [516, 517, 518, 520, 521, 522, 523, 524], "summary": {"covered_lines": 8, "num_statements": 8, "percent_covered": 100.0, "percent_covered_display": "100.0", "missing_lines": 0, "excluded_lines": 0, "percent_statements_covered": 100.0, "percent_statements_covered_display": "100.0"}, "missing_lines": [], "excluded_lines": [], "start_line": 514}, "GraphitiState.record_error": {"executed_lines": [528, 535], "summary": {"covered_lines": 2, "num_statements": 2, "percent_covered": 100.0, "percent_covered_display": "100.0", "missing_lines": 0, "excluded_lines": 0, "percent_statements_covered": 100.0, "percent_statements_covered_display": "100.0"}, "missing_lines": [], "excluded_lines": [], "start_line": 526}, "GraphitiState.has_provider_changed": {"executed_lines": [547, 548, 550], "summary": {"covered_lines": 3, "num_statements": 3, "percent_covered": 100.0, "percent_covered_display": "100.0", "missing_lines": 0, "excluded_lines": 0, "percent_statements_covered": 100.0, "percent_statements_covered_display": "100.0"}, "missing_lines": [], "excluded_lines": [], "start_line": 537}, "GraphitiState.get_migration_info": {"executed_lines": [562, 563, 565], "summary": {"covered_lines": 3, "num_statements": 3, "percent_covered": 100.0, "percent_covered_display": "100.0", "missing_lines": 0, "excluded_lines": 0, "percent_statements_covered": 100.0, "percent_statements_covered_display": "100.0"}, "missing_lines": [], "excluded_lines": [], "start_line": 552}, "is_graphiti_enabled": {"executed_lines": [583, 584], "summary": {"covered_lines": 2, "num_statements": 2, "percent_covered": 100.0, "percent_covered_display": "100.0", "missing_lines": 0, "excluded_lines": 0, "percent_statements_covered": 100.0, "percent_statements_covered_display": "100.0"}, "missing_lines": [], "excluded_lines": [], "start_line": 575}, "get_graphiti_status": {"executed_lines": [602, 604, 615, 616, 617, 620, 621, 622, 627, 632, 634, 635, 639, 640, 641, 643], "summary": {"covered_lines": 16, "num_statements": 19, "percent_covered": 84.21052631578948, "percent_covered_display": "84.2", "missing_lines": 3, "excluded_lines": 0, "percent_statements_covered": 84.21052631578948, "percent_statements_covered_display": "84.2"}, "missing_lines": [628, 629, 638], "excluded_lines": [], "start_line": 587}, "get_available_providers": {"executed_lines": [653, 655, 656, 659, 660, 661, 664, 665, 668, 669, 670, 671, 672, 675, 676, 679, 680, 681, 684, 685, 686, 689, 690, 691, 692, 694], "summary": {"covered_lines": 26, "num_statements": 26, "percent_covered": 100.0, "percent_covered_display": "100.0", "missing_lines": 0, "excluded_lines": 0, "percent_statements_covered": 100.0, "percent_statements_covered_display": "100.0"}, "missing_lines": [], "excluded_lines": [], "start_line": 646}, "validate_graphiti_config": {"executed_lines": [709, 711, 712, 713, 715], "summary": {"covered_lines": 5, "num_statements": 5, "percent_covered": 100.0, "percent_covered_display": "100.0", "missing_lines": 0, "excluded_lines": 0, "percent_statements_covered": 100.0, "percent_statements_covered_display": "100.0"}, "missing_lines": [], "excluded_lines": [], "start_line": 700}, "": {"executed_lines": [58, 59, 60, 61, 62, 63, 64, 67, 68, 69, 72, 75, 76, 77, 78, 79, 80, 81, 84, 87, 88, 89, 90, 91, 92, 95, 98, 99, 100, 101, 102, 103, 106, 107, 114, 115, 116, 119, 120, 123, 124, 125, 128, 129, 132, 133, 134, 135, 138, 139, 142, 143, 144, 147, 148, 149, 150, 153, 154, 155, 156, 158, 159, 260, 277, 298, 348, 361, 365, 415, 435, 465, 466, 469, 470, 471, 472, 473, 474, 475, 477, 478, 480, 493, 494, 507, 513, 514, 526, 537, 552, 575, 587, 646, 700], "summary": {"covered_lines": 95, "num_statements": 95, "percent_covered": 100.0, "percent_covered_display": "100.0", "missing_lines": 0, "excluded_lines": 0, "percent_statements_covered": 100.0, "percent_statements_covered_display": "100.0"}, "missing_lines": [], "excluded_lines": [], "start_line": 1}}, "classes": {"LLMProvider": {"executed_lines": [], "summary": {"covered_lines": 0, "num_statements": 0, "percent_covered": 100.0, "percent_covered_display": "100.0", "missing_lines": 0, "excluded_lines": 0, "percent_statements_covered": 100.0, "percent_statements_covered_display": "100.0"}, "missing_lines": [], "excluded_lines": [], "start_line": 84}, "EmbedderProvider": {"executed_lines": [], "summary": {"covered_lines": 0, "num_statements": 0, "percent_covered": 100.0, "percent_covered_display": "100.0", "missing_lines": 0, "excluded_lines": 0, "percent_statements_covered": 100.0, "percent_statements_covered_display": "100.0"}, "missing_lines": [], "excluded_lines": [], "start_line": 95}, "GraphitiConfig": {"executed_lines": [162, 163, 166, 167, 172, 173, 176, 177, 178, 183, 184, 189, 190, 191, 192, 197, 198, 201, 202, 203, 208, 209, 212, 215, 220, 221, 222, 225, 226, 227, 228, 230, 270, 271, 275, 300, 302, 303, 304, 310, 311, 312, 313, 314, 315, 316, 317, 318, 321, 322, 325, 326, 329, 330, 331, 335, 336, 337, 338, 339, 340, 344, 346, 356, 357, 358, 359, 363, 372, 373, 374, 376, 377, 378, 379, 380, 381, 382, 383, 384, 385, 386, 387, 388, 389, 391, 392, 394, 395, 397, 398, 400, 401, 404, 405, 406, 407, 408, 409, 410, 412, 425, 426, 428, 430, 431, 433, 445, 446, 449, 457, 458, 459, 461, 462], "summary": {"covered_lines": 115, "num_statements": 129, "percent_covered": 89.14728682170542, "percent_covered_display": "89.1", "missing_lines": 14, "excluded_lines": 0, "percent_statements_covered": 89.14728682170542, "percent_statements_covered_display": "89.1"}, "missing_lines": [279, 280, 281, 282, 283, 284, 289, 291, 292, 293, 294, 295, 296, 413], "excluded_lines": [], "start_line": 107}, "GraphitiState": {"executed_lines": [481, 495, 509, 510, 511, 516, 517, 518, 520, 521, 522, 523, 524, 528, 535, 547, 548, 550, 562, 563, 565], "summary": {"covered_lines": 21, "num_statements": 21, "percent_covered": 100.0, "percent_covered_display": "100.0", "missing_lines": 0, "excluded_lines": 0, "percent_statements_covered": 100.0, "percent_statements_covered_display": "100.0"}, "missing_lines": [], "excluded_lines": [], "start_line": 466}, "": {"executed_lines": [58, 59, 60, 61, 62, 63, 64, 67, 68, 69, 72, 75, 76, 77, 78, 79, 80, 81, 84, 87, 88, 89, 90, 91, 92, 95, 98, 99, 100, 101, 102, 103, 106, 107, 114, 115, 116, 119, 120, 123, 124, 125, 128, 129, 132, 133, 134, 135, 138, 139, 142, 143, 144, 147, 148, 149, 150, 153, 154, 155, 156, 158, 159, 260, 277, 298, 348, 361, 365, 415, 435, 465, 466, 469, 470, 471, 472, 473, 474, 475, 477, 478, 480, 493, 494, 507, 513, 514, 526, 537, 552, 575, 583, 584, 587, 602, 604, 615, 616, 617, 620, 621, 622, 627, 632, 634, 635, 639, 640, 641, 643, 646, 653, 655, 656, 659, 660, 661, 664, 665, 668, 669, 670, 671, 672, 675, 676, 679, 680, 681, 684, 685, 686, 689, 690, 691, 692, 694, 700, 709, 711, 712, 713, 715], "summary": {"covered_lines": 144, "num_statements": 147, "percent_covered": 97.95918367346938, "percent_covered_display": "98.0", "missing_lines": 3, "excluded_lines": 0, "percent_statements_covered": 97.95918367346938, "percent_statements_covered_display": "98.0"}, "missing_lines": [628, 629, 638], "excluded_lines": [], "start_line": 1}}}, "integrations/graphiti/memory.py": {"executed_lines": [22, 25, 31, 32, 46, 68, 71, 78, 80, 81, 84, 85, 86, 88, 89, 90, 91, 94, 95, 96, 97, 98, 101, 108, 115, 116, 118, 123, 124, 126, 127, 130, 137, 143, 145, 155, 156, 159, 160, 163, 164, 167, 169, 173], "summary": {"covered_lines": 44, "num_statements": 44, "percent_covered": 100.0, "percent_covered_display": "100.0", "missing_lines": 0, "excluded_lines": 0, "percent_statements_covered": 100.0, "percent_statements_covered_display": "100.0"}, "missing_lines": [], "excluded_lines": [], "functions": {"get_graphiti_memory": {"executed_lines": [68], "summary": {"covered_lines": 1, "num_statements": 1, "percent_covered": 100.0, "percent_covered_display": "100.0", "missing_lines": 0, "excluded_lines": 0, "percent_statements_covered": 100.0, "percent_statements_covered_display": "100.0"}, "missing_lines": [], "excluded_lines": [], "start_line": 46}, "test_graphiti_connection": {"executed_lines": [78, 80, 81, 84, 85, 86, 88, 89, 90, 91, 94, 95, 96, 97, 98, 101, 108, 115, 116, 118, 123, 124, 126, 127], "summary": {"covered_lines": 24, "num_statements": 24, "percent_covered": 100.0, "percent_covered_display": "100.0", "missing_lines": 0, "excluded_lines": 0, "percent_statements_covered": 100.0, "percent_statements_covered_display": "100.0"}, "missing_lines": [], "excluded_lines": [], "start_line": 71}, "test_provider_configuration": {"executed_lines": [137, 143, 145, 155, 156, 159, 160, 163, 164, 167, 169], "summary": {"covered_lines": 11, "num_statements": 11, "percent_covered": 100.0, "percent_covered_display": "100.0", "missing_lines": 0, "excluded_lines": 0, "percent_statements_covered": 100.0, "percent_statements_covered_display": "100.0"}, "missing_lines": [], "excluded_lines": [], "start_line": 130}, "": {"executed_lines": [22, 25, 31, 32, 46, 71, 130, 173], "summary": {"covered_lines": 8, "num_statements": 8, "percent_covered": 100.0, "percent_covered_display": "100.0", "missing_lines": 0, "excluded_lines": 0, "percent_statements_covered": 100.0, "percent_statements_covered_display": "100.0"}, "missing_lines": [], "excluded_lines": [], "start_line": 1}}, "classes": {"": {"executed_lines": [22, 25, 31, 32, 46, 68, 71, 78, 80, 81, 84, 85, 86, 88, 89, 90, 91, 94, 95, 96, 97, 98, 101, 108, 115, 116, 118, 123, 124, 126, 127, 130, 137, 143, 145, 155, 156, 159, 160, 163, 164, 167, 169, 173], "summary": {"covered_lines": 44, "num_statements": 44, "percent_covered": 100.0, "percent_covered_display": "100.0", "missing_lines": 0, "excluded_lines": 0, "percent_statements_covered": 100.0, "percent_statements_covered_display": "100.0"}, "missing_lines": [], "excluded_lines": [], "start_line": 1}}}, "integrations/graphiti/migrate_embeddings.py": {"executed_lines": [28, 29, 30, 31, 32, 33, 36, 38, 40, 43, 46, 49, 63, 64, 65, 66, 67, 69, 71, 73, 74, 75, 76, 77, 78, 79, 80, 81, 83, 84, 85, 86, 87, 88, 90, 91, 92, 100, 102, 151, 201, 226, 228, 229, 230, 231, 234, 326, 375, 377, 380, 385, 390, 395, 399, 402, 403, 405], "summary": {"covered_lines": 58, "num_statements": 174, "percent_covered": 33.333333333333336, "percent_covered_display": "33.3", "missing_lines": 116, "excluded_lines": 2, "percent_statements_covered": 33.333333333333336, "percent_statements_covered_display": "33.3"}, "missing_lines": [93, 94, 96, 97, 98, 109, 111, 113, 127, 129, 130, 131, 144, 145, 147, 148, 149, 161, 162, 163, 165, 166, 169, 170, 171, 172, 173, 175, 178, 179, 180, 183, 194, 195, 197, 198, 199, 208, 210, 217, 218, 219, 220, 222, 224, 236, 237, 238, 241, 243, 244, 245, 246, 247, 250, 251, 252, 253, 254, 255, 257, 258, 266, 267, 268, 270, 273, 274, 275, 276, 279, 280, 282, 286, 287, 288, 292, 296, 297, 298, 299, 302, 308, 309, 310, 312, 313, 315, 317, 318, 319, 320, 321, 322, 323, 328, 330, 331, 332, 334, 338, 340, 341, 342, 344, 348, 351, 352, 357, 359, 365, 366, 367, 369, 370, 372], "excluded_lines": [408, 409], "functions": {"EmbeddingMigrator.__init__": {"executed_lines": [63, 64, 65, 66, 67], "summary": {"covered_lines": 5, "num_statements": 5, "percent_covered": 100.0, "percent_covered_display": "100.0", "missing_lines": 0, "excluded_lines": 0, "percent_statements_covered": 100.0, "percent_statements_covered_display": "100.0"}, "missing_lines": [], "excluded_lines": [], "start_line": 49}, "EmbeddingMigrator.initialize": {"executed_lines": [71, 73, 74, 75, 76, 77, 78, 79, 80, 81, 83, 84, 85, 86, 87, 88, 90, 91, 92, 100], "summary": {"covered_lines": 20, "num_statements": 25, "percent_covered": 80.0, "percent_covered_display": "80.0", "missing_lines": 5, "excluded_lines": 0, "percent_statements_covered": 80.0, "percent_statements_covered_display": "80.0"}, "missing_lines": [93, 94, 96, 97, 98], "excluded_lines": [], "start_line": 69}, "EmbeddingMigrator.get_source_episodes": {"executed_lines": [], "summary": {"covered_lines": 0, "num_statements": 12, "percent_covered": 0.0, "percent_covered_display": "0.0", "missing_lines": 12, "excluded_lines": 0, "percent_statements_covered": 0.0, "percent_statements_covered_display": "0.0"}, "missing_lines": [109, 111, 113, 127, 129, 130, 131, 144, 145, 147, 148, 149], "excluded_lines": [], "start_line": 102}, "EmbeddingMigrator.migrate_episode": {"executed_lines": [], "summary": {"covered_lines": 0, "num_statements": 20, "percent_covered": 0.0, "percent_covered_display": "0.0", "missing_lines": 20, "excluded_lines": 0, "percent_statements_covered": 0.0, "percent_statements_covered_display": "0.0"}, "missing_lines": [161, 162, 163, 165, 166, 169, 170, 171, 172, 173, 175, 178, 179, 180, 183, 194, 195, 197, 198, 199], "excluded_lines": [], "start_line": 151}, "EmbeddingMigrator.migrate_all": {"executed_lines": [], "summary": {"covered_lines": 0, "num_statements": 8, "percent_covered": 0.0, "percent_covered_display": "0.0", "missing_lines": 8, "excluded_lines": 0, "percent_statements_covered": 0.0, "percent_statements_covered_display": "0.0"}, "missing_lines": [208, 210, 217, 218, 219, 220, 222, 224], "excluded_lines": [], "start_line": 201}, "EmbeddingMigrator.close": {"executed_lines": [228, 229, 230, 231], "summary": {"covered_lines": 4, "num_statements": 4, "percent_covered": 100.0, "percent_covered_display": "100.0", "missing_lines": 0, "excluded_lines": 0, "percent_statements_covered": 100.0, "percent_statements_covered_display": "100.0"}, "missing_lines": [], "excluded_lines": [], "start_line": 226}, "interactive_migration": {"executed_lines": [], "summary": {"covered_lines": 0, "num_statements": 50, "percent_covered": 0.0, "percent_covered_display": "0.0", "missing_lines": 50, "excluded_lines": 0, "percent_statements_covered": 0.0, "percent_statements_covered_display": "0.0"}, "missing_lines": [236, 237, 238, 241, 243, 244, 245, 246, 247, 250, 251, 252, 253, 254, 255, 257, 258, 266, 267, 268, 270, 273, 274, 275, 276, 279, 280, 282, 286, 287, 288, 292, 296, 297, 298, 299, 302, 308, 309, 310, 312, 313, 315, 317, 318, 319, 320, 321, 322, 323], "excluded_lines": [], "start_line": 234}, "automatic_migration": {"executed_lines": [], "summary": {"covered_lines": 0, "num_statements": 21, "percent_covered": 0.0, "percent_covered_display": "0.0", "missing_lines": 21, "excluded_lines": 0, "percent_statements_covered": 0.0, "percent_statements_covered_display": "0.0"}, "missing_lines": [328, 330, 331, 332, 334, 338, 340, 341, 342, 344, 348, 351, 352, 357, 359, 365, 366, 367, 369, 370, 372], "excluded_lines": [], "start_line": 326}, "main": {"executed_lines": [377, 380, 385, 390, 395, 399, 402, 403, 405], "summary": {"covered_lines": 9, "num_statements": 9, "percent_covered": 100.0, "percent_covered_display": "100.0", "missing_lines": 0, "excluded_lines": 0, "percent_statements_covered": 100.0, "percent_statements_covered_display": "100.0"}, "missing_lines": [], "excluded_lines": [], "start_line": 375}, "": {"executed_lines": [28, 29, 30, 31, 32, 33, 36, 38, 40, 43, 46, 49, 69, 102, 151, 201, 226, 234, 326, 375], "summary": {"covered_lines": 20, "num_statements": 20, "percent_covered": 100.0, "percent_covered_display": "100.0", "missing_lines": 0, "excluded_lines": 2, "percent_statements_covered": 100.0, "percent_statements_covered_display": "100.0"}, "missing_lines": [], "excluded_lines": [408, 409], "start_line": 1}}, "classes": {"EmbeddingMigrator": {"executed_lines": [63, 64, 65, 66, 67, 71, 73, 74, 75, 76, 77, 78, 79, 80, 81, 83, 84, 85, 86, 87, 88, 90, 91, 92, 100, 228, 229, 230, 231], "summary": {"covered_lines": 29, "num_statements": 74, "percent_covered": 39.189189189189186, "percent_covered_display": "39.2", "missing_lines": 45, "excluded_lines": 0, "percent_statements_covered": 39.189189189189186, "percent_statements_covered_display": "39.2"}, "missing_lines": [93, 94, 96, 97, 98, 109, 111, 113, 127, 129, 130, 131, 144, 145, 147, 148, 149, 161, 162, 163, 165, 166, 169, 170, 171, 172, 173, 175, 178, 179, 180, 183, 194, 195, 197, 198, 199, 208, 210, 217, 218, 219, 220, 222, 224], "excluded_lines": [], "start_line": 46}, "": {"executed_lines": [28, 29, 30, 31, 32, 33, 36, 38, 40, 43, 46, 49, 69, 102, 151, 201, 226, 234, 326, 375, 377, 380, 385, 390, 395, 399, 402, 403, 405], "summary": {"covered_lines": 29, "num_statements": 100, "percent_covered": 29.0, "percent_covered_display": "29.0", "missing_lines": 71, "excluded_lines": 2, "percent_statements_covered": 29.0, "percent_statements_covered_display": "29.0"}, "missing_lines": [236, 237, 238, 241, 243, 244, 245, 246, 247, 250, 251, 252, 253, 254, 255, 257, 258, 266, 267, 268, 270, 273, 274, 275, 276, 279, 280, 282, 286, 287, 288, 292, 296, 297, 298, 299, 302, 308, 309, 310, 312, 313, 315, 317, 318, 319, 320, 321, 322, 323, 328, 330, 331, 332, 334, 338, 340, 341, 342, 344, 348, 351, 352, 357, 359, 365, 366, 367, 369, 370, 372], "excluded_lines": [408, 409], "start_line": 1}}}, "integrations/graphiti/providers.py": {"executed_lines": [], "summary": {"covered_lines": 0, "num_statements": 2, "percent_covered": 0.0, "percent_covered_display": "0.0", "missing_lines": 2, "excluded_lines": 0, "percent_statements_covered": 0.0, "percent_statements_covered_display": "0.0"}, "missing_lines": [30, 51], "excluded_lines": [], "functions": {"": {"executed_lines": [], "summary": {"covered_lines": 0, "num_statements": 2, "percent_covered": 0.0, "percent_covered_display": "0.0", "missing_lines": 2, "excluded_lines": 0, "percent_statements_covered": 0.0, "percent_statements_covered_display": "0.0"}, "missing_lines": [30, 51], "excluded_lines": [], "start_line": 1}}, "classes": {"": {"executed_lines": [], "summary": {"covered_lines": 0, "num_statements": 2, "percent_covered": 0.0, "percent_covered_display": "0.0", "missing_lines": 2, "excluded_lines": 0, "percent_statements_covered": 0.0, "percent_statements_covered_display": "0.0"}, "missing_lines": [30, 51], "excluded_lines": [], "start_line": 1}}}, "integrations/graphiti/providers_pkg/__init__.py": {"executed_lines": [27, 28, 31, 34, 37, 40, 47], "summary": {"covered_lines": 7, "num_statements": 7, "percent_covered": 100.0, "percent_covered_display": "100.0", "missing_lines": 0, "excluded_lines": 0, "percent_statements_covered": 100.0, "percent_statements_covered_display": "100.0"}, "missing_lines": [], "excluded_lines": [], "functions": {"": {"executed_lines": [27, 28, 31, 34, 37, 40, 47], "summary": {"covered_lines": 7, "num_statements": 7, "percent_covered": 100.0, "percent_covered_display": "100.0", "missing_lines": 0, "excluded_lines": 0, "percent_statements_covered": 100.0, "percent_statements_covered_display": "100.0"}, "missing_lines": [], "excluded_lines": [], "start_line": 1}}, "classes": {"": {"executed_lines": [27, 28, 31, 34, 37, 40, 47], "summary": {"covered_lines": 7, "num_statements": 7, "percent_covered": 100.0, "percent_covered_display": "100.0", "missing_lines": 0, "excluded_lines": 0, "percent_statements_covered": 100.0, "percent_statements_covered_display": "100.0"}, "missing_lines": [], "excluded_lines": [], "start_line": 1}}}, "integrations/graphiti/providers_pkg/cross_encoder.py": {"executed_lines": [9, 10, 15, 18, 35, 36, 38, 39, 41, 42, 45, 50, 52, 53, 54, 56, 62], "summary": {"covered_lines": 17, "num_statements": 23, "percent_covered": 73.91304347826087, "percent_covered_display": "73.9", "missing_lines": 6, "excluded_lines": 2, "percent_statements_covered": 73.91304347826087, "percent_statements_covered_display": "73.9"}, "missing_lines": [46, 47, 48, 63, 64, 65], "excluded_lines": [12, 13], "functions": {"create_cross_encoder": {"executed_lines": [35, 36, 38, 39, 41, 42, 45, 50, 52, 53, 54, 56, 62], "summary": {"covered_lines": 13, "num_statements": 19, "percent_covered": 68.42105263157895, "percent_covered_display": "68.4", "missing_lines": 6, "excluded_lines": 0, "percent_statements_covered": 68.42105263157895, "percent_statements_covered_display": "68.4"}, "missing_lines": [46, 47, 48, 63, 64, 65], "excluded_lines": [], "start_line": 18}, "": {"executed_lines": [9, 10, 15, 18], "summary": {"covered_lines": 4, "num_statements": 4, "percent_covered": 100.0, "percent_covered_display": "100.0", "missing_lines": 0, "excluded_lines": 2, "percent_statements_covered": 100.0, "percent_statements_covered_display": "100.0"}, "missing_lines": [], "excluded_lines": [12, 13], "start_line": 1}}, "classes": {"": {"executed_lines": [9, 10, 15, 18, 35, 36, 38, 39, 41, 42, 45, 50, 52, 53, 54, 56, 62], "summary": {"covered_lines": 17, "num_statements": 23, "percent_covered": 73.91304347826087, "percent_covered_display": "73.9", "missing_lines": 6, "excluded_lines": 2, "percent_statements_covered": 73.91304347826087, "percent_statements_covered_display": "73.9"}, "missing_lines": [46, 47, 48, 63, 64, 65], "excluded_lines": [12, 13], "start_line": 1}}}, "integrations/graphiti/providers_pkg/embedder_providers/__init__.py": {"executed_lines": [8, 13, 14, 15, 20, 21, 22, 24], "summary": {"covered_lines": 8, "num_statements": 8, "percent_covered": 100.0, "percent_covered_display": "100.0", "missing_lines": 0, "excluded_lines": 2, "percent_statements_covered": 100.0, "percent_statements_covered_display": "100.0"}, "missing_lines": [], "excluded_lines": [10, 11], "functions": {"": {"executed_lines": [8, 13, 14, 15, 20, 21, 22, 24], "summary": {"covered_lines": 8, "num_statements": 8, "percent_covered": 100.0, "percent_covered_display": "100.0", "missing_lines": 0, "excluded_lines": 2, "percent_statements_covered": 100.0, "percent_statements_covered_display": "100.0"}, "missing_lines": [], "excluded_lines": [10, 11], "start_line": 1}}, "classes": {"": {"executed_lines": [8, 13, 14, 15, 20, 21, 22, 24], "summary": {"covered_lines": 8, "num_statements": 8, "percent_covered": 100.0, "percent_covered_display": "100.0", "missing_lines": 0, "excluded_lines": 2, "percent_statements_covered": 100.0, "percent_statements_covered_display": "100.0"}, "missing_lines": [], "excluded_lines": [10, 11], "start_line": 1}}}, "integrations/graphiti/providers_pkg/embedder_providers/azure_openai_embedder.py": {"executed_lines": [8, 13, 16, 30, 31, 32, 33, 34, 40, 41, 42, 43, 44, 45], "summary": {"covered_lines": 14, "num_statements": 16, "percent_covered": 87.5, "percent_covered_display": "87.5", "missing_lines": 2, "excluded_lines": 2, "percent_statements_covered": 87.5, "percent_statements_covered_display": "87.5"}, "missing_lines": [49, 54], "excluded_lines": [10, 11], "functions": {"create_azure_openai_embedder": {"executed_lines": [30, 31, 32, 33, 34, 40, 41, 42, 43, 44, 45], "summary": {"covered_lines": 11, "num_statements": 13, "percent_covered": 84.61538461538461, "percent_covered_display": "84.6", "missing_lines": 2, "excluded_lines": 0, "percent_statements_covered": 84.61538461538461, "percent_statements_covered_display": "84.6"}, "missing_lines": [49, 54], "excluded_lines": [], "start_line": 16}, "": {"executed_lines": [8, 13, 16], "summary": {"covered_lines": 3, "num_statements": 3, "percent_covered": 100.0, "percent_covered_display": "100.0", "missing_lines": 0, "excluded_lines": 2, "percent_statements_covered": 100.0, "percent_statements_covered_display": "100.0"}, "missing_lines": [], "excluded_lines": [10, 11], "start_line": 1}}, "classes": {"": {"executed_lines": [8, 13, 16, 30, 31, 32, 33, 34, 40, 41, 42, 43, 44, 45], "summary": {"covered_lines": 14, "num_statements": 16, "percent_covered": 87.5, "percent_covered_display": "87.5", "missing_lines": 2, "excluded_lines": 2, "percent_statements_covered": 87.5, "percent_statements_covered_display": "87.5"}, "missing_lines": [49, 54], "excluded_lines": [10, 11], "start_line": 1}}}, "integrations/graphiti/providers_pkg/embedder_providers/google_embedder.py": {"executed_lines": [9, 11, 18, 21, 28, 36, 37, 38, 39, 45, 46, 49, 50, 52, 90, 130, 144, 145], "summary": {"covered_lines": 18, "num_statements": 42, "percent_covered": 42.857142857142854, "percent_covered_display": "42.9", "missing_lines": 24, "excluded_lines": 2, "percent_statements_covered": 42.857142857142854, "percent_statements_covered_display": "42.9"}, "missing_lines": [62, 65, 66, 67, 69, 70, 73, 75, 78, 79, 88, 100, 103, 106, 107, 109, 110, 112, 122, 123, 125, 127, 147, 149], "excluded_lines": [13, 14], "functions": {"GoogleEmbedder.__init__": {"executed_lines": [36, 37, 38, 39, 45, 46, 49, 50], "summary": {"covered_lines": 8, "num_statements": 8, "percent_covered": 100.0, "percent_covered_display": "100.0", "missing_lines": 0, "excluded_lines": 0, "percent_statements_covered": 100.0, "percent_statements_covered_display": "100.0"}, "missing_lines": [], "excluded_lines": [], "start_line": 28}, "GoogleEmbedder.create": {"executed_lines": [], "summary": {"covered_lines": 0, "num_statements": 11, "percent_covered": 0.0, "percent_covered_display": "0.0", "missing_lines": 11, "excluded_lines": 0, "percent_statements_covered": 0.0, "percent_statements_covered_display": "0.0"}, "missing_lines": [62, 65, 66, 67, 69, 70, 73, 75, 78, 79, 88], "excluded_lines": [], "start_line": 52}, "GoogleEmbedder.create_batch": {"executed_lines": [], "summary": {"covered_lines": 0, "num_statements": 11, "percent_covered": 0.0, "percent_covered_display": "0.0", "missing_lines": 11, "excluded_lines": 0, "percent_statements_covered": 0.0, "percent_statements_covered_display": "0.0"}, "missing_lines": [100, 103, 106, 107, 109, 110, 112, 122, 123, 125, 127], "excluded_lines": [], "start_line": 90}, "create_google_embedder": {"executed_lines": [144, 145], "summary": {"covered_lines": 2, "num_statements": 4, "percent_covered": 50.0, "percent_covered_display": "50.0", "missing_lines": 2, "excluded_lines": 0, "percent_statements_covered": 50.0, "percent_statements_covered_display": "50.0"}, "missing_lines": [147, 149], "excluded_lines": [], "start_line": 130}, "": {"executed_lines": [9, 11, 18, 21, 28, 52, 90, 130], "summary": {"covered_lines": 8, "num_statements": 8, "percent_covered": 100.0, "percent_covered_display": "100.0", "missing_lines": 0, "excluded_lines": 2, "percent_statements_covered": 100.0, "percent_statements_covered_display": "100.0"}, "missing_lines": [], "excluded_lines": [13, 14], "start_line": 1}}, "classes": {"GoogleEmbedder": {"executed_lines": [36, 37, 38, 39, 45, 46, 49, 50], "summary": {"covered_lines": 8, "num_statements": 30, "percent_covered": 26.666666666666668, "percent_covered_display": "26.7", "missing_lines": 22, "excluded_lines": 0, "percent_statements_covered": 26.666666666666668, "percent_statements_covered_display": "26.7"}, "missing_lines": [62, 65, 66, 67, 69, 70, 73, 75, 78, 79, 88, 100, 103, 106, 107, 109, 110, 112, 122, 123, 125, 127], "excluded_lines": [], "start_line": 21}, "": {"executed_lines": [9, 11, 18, 21, 28, 52, 90, 130, 144, 145], "summary": {"covered_lines": 10, "num_statements": 12, "percent_covered": 83.33333333333333, "percent_covered_display": "83.3", "missing_lines": 2, "excluded_lines": 2, "percent_statements_covered": 83.33333333333333, "percent_statements_covered_display": "83.3"}, "missing_lines": [147, 149], "excluded_lines": [13, 14], "start_line": 1}}}, "integrations/graphiti/providers_pkg/embedder_providers/ollama_embedder.py": {"executed_lines": [17, 22, 26, 49, 64, 65, 68, 69, 72, 73, 74, 76, 83, 97, 98, 100, 101, 102, 103], "summary": {"covered_lines": 19, "num_statements": 25, "percent_covered": 76.0, "percent_covered_display": "76.0", "missing_lines": 6, "excluded_lines": 2, "percent_statements_covered": 76.0, "percent_statements_covered_display": "76.0"}, "missing_lines": [110, 116, 117, 118, 120, 127], "excluded_lines": [19, 20], "functions": {"get_embedding_dim_for_model": {"executed_lines": [64, 65, 68, 69, 72, 73, 74, 76], "summary": {"covered_lines": 8, "num_statements": 8, "percent_covered": 100.0, "percent_covered_display": "100.0", "missing_lines": 0, "excluded_lines": 0, "percent_statements_covered": 100.0, "percent_statements_covered_display": "100.0"}, "missing_lines": [], "excluded_lines": [], "start_line": 49}, "create_ollama_embedder": {"executed_lines": [97, 98, 100, 101, 102, 103], "summary": {"covered_lines": 6, "num_statements": 12, "percent_covered": 50.0, "percent_covered_display": "50.0", "missing_lines": 6, "excluded_lines": 0, "percent_statements_covered": 50.0, "percent_statements_covered_display": "50.0"}, "missing_lines": [110, 116, 117, 118, 120, 127], "excluded_lines": [], "start_line": 83}, "": {"executed_lines": [17, 22, 26, 49, 83], "summary": {"covered_lines": 5, "num_statements": 5, "percent_covered": 100.0, "percent_covered_display": "100.0", "missing_lines": 0, "excluded_lines": 2, "percent_statements_covered": 100.0, "percent_statements_covered_display": "100.0"}, "missing_lines": [], "excluded_lines": [19, 20], "start_line": 1}}, "classes": {"": {"executed_lines": [17, 22, 26, 49, 64, 65, 68, 69, 72, 73, 74, 76, 83, 97, 98, 100, 101, 102, 103], "summary": {"covered_lines": 19, "num_statements": 25, "percent_covered": 76.0, "percent_covered_display": "76.0", "missing_lines": 6, "excluded_lines": 2, "percent_statements_covered": 76.0, "percent_statements_covered_display": "76.0"}, "missing_lines": [110, 116, 117, 118, 120, 127], "excluded_lines": [19, 20], "start_line": 1}}}, "integrations/graphiti/providers_pkg/embedder_providers/openai_embedder.py": {"executed_lines": [8, 13, 16, 30, 31, 32, 33, 39, 40], "summary": {"covered_lines": 9, "num_statements": 11, "percent_covered": 81.81818181818181, "percent_covered_display": "81.8", "missing_lines": 2, "excluded_lines": 2, "percent_statements_covered": 81.81818181818181, "percent_statements_covered_display": "81.8"}, "missing_lines": [42, 47], "excluded_lines": [10, 11], "functions": {"create_openai_embedder": {"executed_lines": [30, 31, 32, 33, 39, 40], "summary": {"covered_lines": 6, "num_statements": 8, "percent_covered": 75.0, "percent_covered_display": "75.0", "missing_lines": 2, "excluded_lines": 0, "percent_statements_covered": 75.0, "percent_statements_covered_display": "75.0"}, "missing_lines": [42, 47], "excluded_lines": [], "start_line": 16}, "": {"executed_lines": [8, 13, 16], "summary": {"covered_lines": 3, "num_statements": 3, "percent_covered": 100.0, "percent_covered_display": "100.0", "missing_lines": 0, "excluded_lines": 2, "percent_statements_covered": 100.0, "percent_statements_covered_display": "100.0"}, "missing_lines": [], "excluded_lines": [10, 11], "start_line": 1}}, "classes": {"": {"executed_lines": [8, 13, 16, 30, 31, 32, 33, 39, 40], "summary": {"covered_lines": 9, "num_statements": 11, "percent_covered": 81.81818181818181, "percent_covered_display": "81.8", "missing_lines": 2, "excluded_lines": 2, "percent_statements_covered": 81.81818181818181, "percent_statements_covered_display": "81.8"}, "missing_lines": [42, 47], "excluded_lines": [10, 11], "start_line": 1}}}, "integrations/graphiti/providers_pkg/embedder_providers/openrouter_embedder.py": {"executed_lines": [9, 14, 17, 42, 43, 44, 45, 51, 52], "summary": {"covered_lines": 9, "num_statements": 11, "percent_covered": 81.81818181818181, "percent_covered_display": "81.8", "missing_lines": 2, "excluded_lines": 2, "percent_statements_covered": 81.81818181818181, "percent_statements_covered_display": "81.8"}, "missing_lines": [54, 60], "excluded_lines": [11, 12], "functions": {"create_openrouter_embedder": {"executed_lines": [42, 43, 44, 45, 51, 52], "summary": {"covered_lines": 6, "num_statements": 8, "percent_covered": 75.0, "percent_covered_display": "75.0", "missing_lines": 2, "excluded_lines": 0, "percent_statements_covered": 75.0, "percent_statements_covered_display": "75.0"}, "missing_lines": [54, 60], "excluded_lines": [], "start_line": 17}, "": {"executed_lines": [9, 14, 17], "summary": {"covered_lines": 3, "num_statements": 3, "percent_covered": 100.0, "percent_covered_display": "100.0", "missing_lines": 0, "excluded_lines": 2, "percent_statements_covered": 100.0, "percent_statements_covered_display": "100.0"}, "missing_lines": [], "excluded_lines": [11, 12], "start_line": 1}}, "classes": {"": {"executed_lines": [9, 14, 17, 42, 43, 44, 45, 51, 52], "summary": {"covered_lines": 9, "num_statements": 11, "percent_covered": 81.81818181818181, "percent_covered_display": "81.8", "missing_lines": 2, "excluded_lines": 2, "percent_statements_covered": 81.81818181818181, "percent_statements_covered_display": "81.8"}, "missing_lines": [54, 60], "excluded_lines": [11, 12], "start_line": 1}}}, "integrations/graphiti/providers_pkg/embedder_providers/voyage_embedder.py": {"executed_lines": [8, 13, 16, 30, 31, 32, 33, 39, 40], "summary": {"covered_lines": 9, "num_statements": 11, "percent_covered": 81.81818181818181, "percent_covered_display": "81.8", "missing_lines": 2, "excluded_lines": 2, "percent_statements_covered": 81.81818181818181, "percent_statements_covered_display": "81.8"}, "missing_lines": [42, 47], "excluded_lines": [10, 11], "functions": {"create_voyage_embedder": {"executed_lines": [30, 31, 32, 33, 39, 40], "summary": {"covered_lines": 6, "num_statements": 8, "percent_covered": 75.0, "percent_covered_display": "75.0", "missing_lines": 2, "excluded_lines": 0, "percent_statements_covered": 75.0, "percent_statements_covered_display": "75.0"}, "missing_lines": [42, 47], "excluded_lines": [], "start_line": 16}, "": {"executed_lines": [8, 13, 16], "summary": {"covered_lines": 3, "num_statements": 3, "percent_covered": 100.0, "percent_covered_display": "100.0", "missing_lines": 0, "excluded_lines": 2, "percent_statements_covered": 100.0, "percent_statements_covered_display": "100.0"}, "missing_lines": [], "excluded_lines": [10, 11], "start_line": 1}}, "classes": {"": {"executed_lines": [8, 13, 16, 30, 31, 32, 33, 39, 40], "summary": {"covered_lines": 9, "num_statements": 11, "percent_covered": 81.81818181818181, "percent_covered_display": "81.8", "missing_lines": 2, "excluded_lines": 2, "percent_statements_covered": 81.81818181818181, "percent_statements_covered_display": "81.8"}, "missing_lines": [42, 47], "excluded_lines": [10, 11], "start_line": 1}}}, "integrations/graphiti/providers_pkg/exceptions.py": {"executed_lines": [9, 12, 15, 18], "summary": {"covered_lines": 4, "num_statements": 4, "percent_covered": 100.0, "percent_covered_display": "100.0", "missing_lines": 0, "excluded_lines": 0, "percent_statements_covered": 100.0, "percent_statements_covered_display": "100.0"}, "missing_lines": [], "excluded_lines": [], "functions": {"": {"executed_lines": [9, 12, 15, 18], "summary": {"covered_lines": 4, "num_statements": 4, "percent_covered": 100.0, "percent_covered_display": "100.0", "missing_lines": 0, "excluded_lines": 0, "percent_statements_covered": 100.0, "percent_statements_covered_display": "100.0"}, "missing_lines": [], "excluded_lines": [], "start_line": 1}}, "classes": {"ProviderError": {"executed_lines": [], "summary": {"covered_lines": 0, "num_statements": 0, "percent_covered": 100.0, "percent_covered_display": "100.0", "missing_lines": 0, "excluded_lines": 0, "percent_statements_covered": 100.0, "percent_statements_covered_display": "100.0"}, "missing_lines": [], "excluded_lines": [], "start_line": 9}, "ProviderNotInstalled": {"executed_lines": [], "summary": {"covered_lines": 0, "num_statements": 0, "percent_covered": 100.0, "percent_covered_display": "100.0", "missing_lines": 0, "excluded_lines": 0, "percent_statements_covered": 100.0, "percent_statements_covered_display": "100.0"}, "missing_lines": [], "excluded_lines": [], "start_line": 15}, "": {"executed_lines": [9, 12, 15, 18], "summary": {"covered_lines": 4, "num_statements": 4, "percent_covered": 100.0, "percent_covered_display": "100.0", "missing_lines": 0, "excluded_lines": 0, "percent_statements_covered": 100.0, "percent_statements_covered_display": "100.0"}, "missing_lines": [], "excluded_lines": [], "start_line": 1}}}, "integrations/graphiti/providers_pkg/factory.py": {"executed_lines": [8, 9, 14, 22, 23, 32, 35, 49, 51, 53, 54, 55, 56, 57, 58, 59, 60, 61, 62, 63, 64, 66, 69, 83, 85, 87, 88, 89, 90, 91, 92, 93, 94, 95, 96, 97, 98, 100], "summary": {"covered_lines": 38, "num_statements": 38, "percent_covered": 100.0, "percent_covered_display": "100.0", "missing_lines": 0, "excluded_lines": 2, "percent_statements_covered": 100.0, "percent_statements_covered_display": "100.0"}, "missing_lines": [], "excluded_lines": [11, 12], "functions": {"create_llm_client": {"executed_lines": [49, 51, 53, 54, 55, 56, 57, 58, 59, 60, 61, 62, 63, 64, 66], "summary": {"covered_lines": 15, "num_statements": 15, "percent_covered": 100.0, "percent_covered_display": "100.0", "missing_lines": 0, "excluded_lines": 0, "percent_statements_covered": 100.0, "percent_statements_covered_display": "100.0"}, "missing_lines": [], "excluded_lines": [], "start_line": 35}, "create_embedder": {"executed_lines": [83, 85, 87, 88, 89, 90, 91, 92, 93, 94, 95, 96, 97, 98, 100], "summary": {"covered_lines": 15, "num_statements": 15, "percent_covered": 100.0, "percent_covered_display": "100.0", "missing_lines": 0, "excluded_lines": 0, "percent_statements_covered": 100.0, "percent_statements_covered_display": "100.0"}, "missing_lines": [], "excluded_lines": [], "start_line": 69}, "": {"executed_lines": [8, 9, 14, 22, 23, 32, 35, 69], "summary": {"covered_lines": 8, "num_statements": 8, "percent_covered": 100.0, "percent_covered_display": "100.0", "missing_lines": 0, "excluded_lines": 2, "percent_statements_covered": 100.0, "percent_statements_covered_display": "100.0"}, "missing_lines": [], "excluded_lines": [11, 12], "start_line": 1}}, "classes": {"": {"executed_lines": [8, 9, 14, 22, 23, 32, 35, 49, 51, 53, 54, 55, 56, 57, 58, 59, 60, 61, 62, 63, 64, 66, 69, 83, 85, 87, 88, 89, 90, 91, 92, 93, 94, 95, 96, 97, 98, 100], "summary": {"covered_lines": 38, "num_statements": 38, "percent_covered": 100.0, "percent_covered_display": "100.0", "missing_lines": 0, "excluded_lines": 2, "percent_statements_covered": 100.0, "percent_statements_covered_display": "100.0"}, "missing_lines": [], "excluded_lines": [11, 12], "start_line": 1}}}, "integrations/graphiti/providers_pkg/llm_providers/__init__.py": {"executed_lines": [8, 13, 14, 15, 16, 17, 18, 20], "summary": {"covered_lines": 8, "num_statements": 8, "percent_covered": 100.0, "percent_covered_display": "100.0", "missing_lines": 0, "excluded_lines": 2, "percent_statements_covered": 100.0, "percent_statements_covered_display": "100.0"}, "missing_lines": [], "excluded_lines": [10, 11], "functions": {"": {"executed_lines": [8, 13, 14, 15, 16, 17, 18, 20], "summary": {"covered_lines": 8, "num_statements": 8, "percent_covered": 100.0, "percent_covered_display": "100.0", "missing_lines": 0, "excluded_lines": 2, "percent_statements_covered": 100.0, "percent_statements_covered_display": "100.0"}, "missing_lines": [], "excluded_lines": [10, 11], "start_line": 1}}, "classes": {"": {"executed_lines": [8, 13, 14, 15, 16, 17, 18, 20], "summary": {"covered_lines": 8, "num_statements": 8, "percent_covered": 100.0, "percent_covered_display": "100.0", "missing_lines": 0, "excluded_lines": 2, "percent_statements_covered": 100.0, "percent_statements_covered_display": "100.0"}, "missing_lines": [], "excluded_lines": [10, 11], "start_line": 1}}}, "integrations/graphiti/providers_pkg/llm_providers/anthropic_llm.py": {"executed_lines": [8, 13, 16, 30, 31, 33, 34], "summary": {"covered_lines": 7, "num_statements": 12, "percent_covered": 58.333333333333336, "percent_covered_display": "58.3", "missing_lines": 5, "excluded_lines": 2, "percent_statements_covered": 58.333333333333336, "percent_statements_covered_display": "58.3"}, "missing_lines": [32, 40, 41, 43, 48], "excluded_lines": [10, 11], "functions": {"create_anthropic_llm_client": {"executed_lines": [30, 31, 33, 34], "summary": {"covered_lines": 4, "num_statements": 9, "percent_covered": 44.44444444444444, "percent_covered_display": "44.4", "missing_lines": 5, "excluded_lines": 0, "percent_statements_covered": 44.44444444444444, "percent_statements_covered_display": "44.4"}, "missing_lines": [32, 40, 41, 43, 48], "excluded_lines": [], "start_line": 16}, "": {"executed_lines": [8, 13, 16], "summary": {"covered_lines": 3, "num_statements": 3, "percent_covered": 100.0, "percent_covered_display": "100.0", "missing_lines": 0, "excluded_lines": 2, "percent_statements_covered": 100.0, "percent_statements_covered_display": "100.0"}, "missing_lines": [], "excluded_lines": [10, 11], "start_line": 1}}, "classes": {"": {"executed_lines": [8, 13, 16, 30, 31, 33, 34], "summary": {"covered_lines": 7, "num_statements": 12, "percent_covered": 58.333333333333336, "percent_covered_display": "58.3", "missing_lines": 5, "excluded_lines": 2, "percent_statements_covered": 58.333333333333336, "percent_statements_covered_display": "58.3"}, "missing_lines": [32, 40, 41, 43, 48], "excluded_lines": [10, 11], "start_line": 1}}}, "integrations/graphiti/providers_pkg/llm_providers/azure_openai_llm.py": {"executed_lines": [8, 13, 16, 30, 31, 32, 33, 34, 35, 41, 42, 43, 44, 45, 46], "summary": {"covered_lines": 15, "num_statements": 18, "percent_covered": 83.33333333333333, "percent_covered_display": "83.3", "missing_lines": 3, "excluded_lines": 2, "percent_statements_covered": 83.33333333333333, "percent_statements_covered_display": "83.3"}, "missing_lines": [50, 55, 60], "excluded_lines": [10, 11], "functions": {"create_azure_openai_llm_client": {"executed_lines": [30, 31, 32, 33, 34, 35, 41, 42, 43, 44, 45, 46], "summary": {"covered_lines": 12, "num_statements": 15, "percent_covered": 80.0, "percent_covered_display": "80.0", "missing_lines": 3, "excluded_lines": 0, "percent_statements_covered": 80.0, "percent_statements_covered_display": "80.0"}, "missing_lines": [50, 55, 60], "excluded_lines": [], "start_line": 16}, "": {"executed_lines": [8, 13, 16], "summary": {"covered_lines": 3, "num_statements": 3, "percent_covered": 100.0, "percent_covered_display": "100.0", "missing_lines": 0, "excluded_lines": 2, "percent_statements_covered": 100.0, "percent_statements_covered_display": "100.0"}, "missing_lines": [], "excluded_lines": [10, 11], "start_line": 1}}, "classes": {"": {"executed_lines": [8, 13, 16, 30, 31, 32, 33, 34, 35, 41, 42, 43, 44, 45, 46], "summary": {"covered_lines": 15, "num_statements": 18, "percent_covered": 83.33333333333333, "percent_covered_display": "83.3", "missing_lines": 3, "excluded_lines": 2, "percent_statements_covered": 83.33333333333333, "percent_statements_covered_display": "83.3"}, "missing_lines": [50, 55, 60], "excluded_lines": [10, 11], "start_line": 1}}}, "integrations/graphiti/providers_pkg/llm_providers/google_llm.py": {"executed_lines": [9, 10, 12, 14, 21, 24, 31, 39, 40, 41, 42, 48, 49, 52, 53, 54, 56, 135, 163, 177, 178], "summary": {"covered_lines": 21, "num_statements": 53, "percent_covered": 39.62264150943396, "percent_covered_display": "39.6", "missing_lines": 32, "excluded_lines": 2, "percent_statements_covered": 39.62264150943396, "percent_statements_covered_display": "39.6"}, "missing_lines": [73, 77, 78, 80, 81, 82, 84, 86, 87, 88, 90, 93, 94, 98, 101, 103, 105, 109, 117, 119, 120, 121, 122, 124, 127, 129, 133, 155, 156, 160, 180, 182], "excluded_lines": [16, 17], "functions": {"GoogleLLMClient.__init__": {"executed_lines": [39, 40, 41, 42, 48, 49, 52, 53, 54], "summary": {"covered_lines": 9, "num_statements": 9, "percent_covered": 100.0, "percent_covered_display": "100.0", "missing_lines": 0, "excluded_lines": 0, "percent_statements_covered": 100.0, "percent_statements_covered_display": "100.0"}, "missing_lines": [], "excluded_lines": [], "start_line": 31}, "GoogleLLMClient.generate_response": {"executed_lines": [], "summary": {"covered_lines": 0, "num_statements": 27, "percent_covered": 0.0, "percent_covered_display": "0.0", "missing_lines": 27, "excluded_lines": 0, "percent_statements_covered": 0.0, "percent_statements_covered_display": "0.0"}, "missing_lines": [73, 77, 78, 80, 81, 82, 84, 86, 87, 88, 90, 93, 94, 98, 101, 103, 105, 109, 117, 119, 120, 121, 122, 124, 127, 129, 133], "excluded_lines": [], "start_line": 56}, "GoogleLLMClient.generate_response_with_tools": {"executed_lines": [], "summary": {"covered_lines": 0, "num_statements": 3, "percent_covered": 0.0, "percent_covered_display": "0.0", "missing_lines": 3, "excluded_lines": 0, "percent_statements_covered": 0.0, "percent_statements_covered_display": "0.0"}, "missing_lines": [155, 156, 160], "excluded_lines": [], "start_line": 135}, "create_google_llm_client": {"executed_lines": [177, 178], "summary": {"covered_lines": 2, "num_statements": 4, "percent_covered": 50.0, "percent_covered_display": "50.0", "missing_lines": 2, "excluded_lines": 0, "percent_statements_covered": 50.0, "percent_statements_covered_display": "50.0"}, "missing_lines": [180, 182], "excluded_lines": [], "start_line": 163}, "": {"executed_lines": [9, 10, 12, 14, 21, 24, 31, 56, 135, 163], "summary": {"covered_lines": 10, "num_statements": 10, "percent_covered": 100.0, "percent_covered_display": "100.0", "missing_lines": 0, "excluded_lines": 2, "percent_statements_covered": 100.0, "percent_statements_covered_display": "100.0"}, "missing_lines": [], "excluded_lines": [16, 17], "start_line": 1}}, "classes": {"GoogleLLMClient": {"executed_lines": [39, 40, 41, 42, 48, 49, 52, 53, 54], "summary": {"covered_lines": 9, "num_statements": 39, "percent_covered": 23.076923076923077, "percent_covered_display": "23.1", "missing_lines": 30, "excluded_lines": 0, "percent_statements_covered": 23.076923076923077, "percent_statements_covered_display": "23.1"}, "missing_lines": [73, 77, 78, 80, 81, 82, 84, 86, 87, 88, 90, 93, 94, 98, 101, 103, 105, 109, 117, 119, 120, 121, 122, 124, 127, 129, 133, 155, 156, 160], "excluded_lines": [], "start_line": 24}, "": {"executed_lines": [9, 10, 12, 14, 21, 24, 31, 56, 135, 163, 177, 178], "summary": {"covered_lines": 12, "num_statements": 14, "percent_covered": 85.71428571428571, "percent_covered_display": "85.7", "missing_lines": 2, "excluded_lines": 2, "percent_statements_covered": 85.71428571428571, "percent_statements_covered_display": "85.7"}, "missing_lines": [180, 182], "excluded_lines": [16, 17], "start_line": 1}}}, "integrations/graphiti/providers_pkg/llm_providers/ollama_llm.py": {"executed_lines": [8, 13, 16, 30, 31, 32, 33, 34, 40, 41], "summary": {"covered_lines": 10, "num_statements": 15, "percent_covered": 66.66666666666667, "percent_covered_display": "66.7", "missing_lines": 5, "excluded_lines": 2, "percent_statements_covered": 66.66666666666667, "percent_statements_covered_display": "66.7"}, "missing_lines": [44, 45, 46, 48, 55], "excluded_lines": [10, 11], "functions": {"create_ollama_llm_client": {"executed_lines": [30, 31, 32, 33, 34, 40, 41], "summary": {"covered_lines": 7, "num_statements": 12, "percent_covered": 58.333333333333336, "percent_covered_display": "58.3", "missing_lines": 5, "excluded_lines": 0, "percent_statements_covered": 58.333333333333336, "percent_statements_covered_display": "58.3"}, "missing_lines": [44, 45, 46, 48, 55], "excluded_lines": [], "start_line": 16}, "": {"executed_lines": [8, 13, 16], "summary": {"covered_lines": 3, "num_statements": 3, "percent_covered": 100.0, "percent_covered_display": "100.0", "missing_lines": 0, "excluded_lines": 2, "percent_statements_covered": 100.0, "percent_statements_covered_display": "100.0"}, "missing_lines": [], "excluded_lines": [10, 11], "start_line": 1}}, "classes": {"": {"executed_lines": [8, 13, 16, 30, 31, 32, 33, 34, 40, 41], "summary": {"covered_lines": 10, "num_statements": 15, "percent_covered": 66.66666666666667, "percent_covered_display": "66.7", "missing_lines": 5, "excluded_lines": 2, "percent_statements_covered": 66.66666666666667, "percent_statements_covered_display": "66.7"}, "missing_lines": [44, 45, 46, 48, 55], "excluded_lines": [10, 11], "start_line": 1}}}, "integrations/graphiti/providers_pkg/llm_providers/openai_llm.py": {"executed_lines": [8, 13, 16, 30, 31, 33, 34, 36, 37], "summary": {"covered_lines": 9, "num_statements": 16, "percent_covered": 56.25, "percent_covered_display": "56.2", "missing_lines": 7, "excluded_lines": 2, "percent_statements_covered": 56.25, "percent_statements_covered_display": "56.2"}, "missing_lines": [35, 43, 49, 50, 56, 58, 61], "excluded_lines": [10, 11], "functions": {"create_openai_llm_client": {"executed_lines": [30, 31, 33, 34, 36, 37], "summary": {"covered_lines": 6, "num_statements": 13, "percent_covered": 46.15384615384615, "percent_covered_display": "46.2", "missing_lines": 7, "excluded_lines": 0, "percent_statements_covered": 46.15384615384615, "percent_statements_covered_display": "46.2"}, "missing_lines": [35, 43, 49, 50, 56, 58, 61], "excluded_lines": [], "start_line": 16}, "": {"executed_lines": [8, 13, 16], "summary": {"covered_lines": 3, "num_statements": 3, "percent_covered": 100.0, "percent_covered_display": "100.0", "missing_lines": 0, "excluded_lines": 2, "percent_statements_covered": 100.0, "percent_statements_covered_display": "100.0"}, "missing_lines": [], "excluded_lines": [10, 11], "start_line": 1}}, "classes": {"": {"executed_lines": [8, 13, 16, 30, 31, 33, 34, 36, 37], "summary": {"covered_lines": 9, "num_statements": 16, "percent_covered": 56.25, "percent_covered_display": "56.2", "missing_lines": 7, "excluded_lines": 2, "percent_statements_covered": 56.25, "percent_statements_covered_display": "56.2"}, "missing_lines": [35, 43, 49, 50, 56, 58, 61], "excluded_lines": [10, 11], "start_line": 1}}}, "integrations/graphiti/providers_pkg/llm_providers/openrouter_llm.py": {"executed_lines": [9, 14, 17, 42, 43, 44, 45, 46, 52, 53], "summary": {"covered_lines": 10, "num_statements": 12, "percent_covered": 83.33333333333333, "percent_covered_display": "83.3", "missing_lines": 2, "excluded_lines": 2, "percent_statements_covered": 83.33333333333333, "percent_statements_covered_display": "83.3"}, "missing_lines": [55, 63], "excluded_lines": [11, 12], "functions": {"create_openrouter_llm_client": {"executed_lines": [42, 43, 44, 45, 46, 52, 53], "summary": {"covered_lines": 7, "num_statements": 9, "percent_covered": 77.77777777777777, "percent_covered_display": "77.8", "missing_lines": 2, "excluded_lines": 0, "percent_statements_covered": 77.77777777777777, "percent_statements_covered_display": "77.8"}, "missing_lines": [55, 63], "excluded_lines": [], "start_line": 17}, "": {"executed_lines": [9, 14, 17], "summary": {"covered_lines": 3, "num_statements": 3, "percent_covered": 100.0, "percent_covered_display": "100.0", "missing_lines": 0, "excluded_lines": 2, "percent_statements_covered": 100.0, "percent_statements_covered_display": "100.0"}, "missing_lines": [], "excluded_lines": [11, 12], "start_line": 1}}, "classes": {"": {"executed_lines": [9, 14, 17, 42, 43, 44, 45, 46, 52, 53], "summary": {"covered_lines": 10, "num_statements": 12, "percent_covered": 83.33333333333333, "percent_covered_display": "83.3", "missing_lines": 2, "excluded_lines": 2, "percent_statements_covered": 83.33333333333333, "percent_statements_covered_display": "83.3"}, "missing_lines": [55, 63], "excluded_lines": [11, 12], "start_line": 1}}}, "integrations/graphiti/providers_pkg/models.py": {"executed_lines": [9, 29, 40, 41, 44, 45, 46, 47, 49], "summary": {"covered_lines": 9, "num_statements": 9, "percent_covered": 100.0, "percent_covered_display": "100.0", "missing_lines": 0, "excluded_lines": 0, "percent_statements_covered": 100.0, "percent_statements_covered_display": "100.0"}, "missing_lines": [], "excluded_lines": [], "functions": {"get_expected_embedding_dim": {"executed_lines": [40, 41, 44, 45, 46, 47, 49], "summary": {"covered_lines": 7, "num_statements": 7, "percent_covered": 100.0, "percent_covered_display": "100.0", "missing_lines": 0, "excluded_lines": 0, "percent_statements_covered": 100.0, "percent_statements_covered_display": "100.0"}, "missing_lines": [], "excluded_lines": [], "start_line": 29}, "": {"executed_lines": [9, 29], "summary": {"covered_lines": 2, "num_statements": 2, "percent_covered": 100.0, "percent_covered_display": "100.0", "missing_lines": 0, "excluded_lines": 0, "percent_statements_covered": 100.0, "percent_statements_covered_display": "100.0"}, "missing_lines": [], "excluded_lines": [], "start_line": 1}}, "classes": {"": {"executed_lines": [9, 29, 40, 41, 44, 45, 46, 47, 49], "summary": {"covered_lines": 9, "num_statements": 9, "percent_covered": 100.0, "percent_covered_display": "100.0", "missing_lines": 0, "excluded_lines": 0, "percent_statements_covered": 100.0, "percent_statements_covered_display": "100.0"}, "missing_lines": [], "excluded_lines": [], "start_line": 1}}}, "integrations/graphiti/providers_pkg/utils.py": {"executed_lines": [8, 9, 14, 17, 24, 26, 29, 58, 59, 60, 62, 63, 65, 68, 71, 73, 75, 78, 96, 97, 98, 99, 100, 101], "summary": {"covered_lines": 24, "num_statements": 28, "percent_covered": 85.71428571428571, "percent_covered_display": "85.7", "missing_lines": 4, "excluded_lines": 2, "percent_statements_covered": 85.71428571428571, "percent_statements_covered_display": "85.7"}, "missing_lines": [85, 91, 93, 94], "excluded_lines": [11, 12], "functions": {"is_graphiti_enabled": {"executed_lines": [24, 26], "summary": {"covered_lines": 2, "num_statements": 2, "percent_covered": 100.0, "percent_covered_display": "100.0", "missing_lines": 0, "excluded_lines": 0, "percent_statements_covered": 100.0, "percent_statements_covered_display": "100.0"}, "missing_lines": [], "excluded_lines": [], "start_line": 17}, "get_graph_hints": {"executed_lines": [58, 59, 60, 62, 63, 65, 68, 71, 73, 75, 78, 96, 97, 98, 99, 100, 101], "summary": {"covered_lines": 17, "num_statements": 21, "percent_covered": 80.95238095238095, "percent_covered_display": "81.0", "missing_lines": 4, "excluded_lines": 0, "percent_statements_covered": 80.95238095238095, "percent_statements_covered_display": "81.0"}, "missing_lines": [85, 91, 93, 94], "excluded_lines": [], "start_line": 29}, "": {"executed_lines": [8, 9, 14, 17, 29], "summary": {"covered_lines": 5, "num_statements": 5, "percent_covered": 100.0, "percent_covered_display": "100.0", "missing_lines": 0, "excluded_lines": 2, "percent_statements_covered": 100.0, "percent_statements_covered_display": "100.0"}, "missing_lines": [], "excluded_lines": [11, 12], "start_line": 1}}, "classes": {"": {"executed_lines": [8, 9, 14, 17, 24, 26, 29, 58, 59, 60, 62, 63, 65, 68, 71, 73, 75, 78, 96, 97, 98, 99, 100, 101], "summary": {"covered_lines": 24, "num_statements": 28, "percent_covered": 85.71428571428571, "percent_covered_display": "85.7", "missing_lines": 4, "excluded_lines": 2, "percent_statements_covered": 85.71428571428571, "percent_statements_covered_display": "85.7"}, "missing_lines": [85, 91, 93, 94], "excluded_lines": [11, 12], "start_line": 1}}}, "integrations/graphiti/providers_pkg/validators.py": {"executed_lines": [8, 9, 14, 15, 17, 20, 33, 35, 37, 38, 39, 40, 46, 52, 53, 55, 56, 60, 61, 62, 63, 67, 70, 80, 82, 83, 85, 89, 90, 91, 92, 93, 94, 97, 107, 110, 111, 112, 114, 115, 116, 120, 121, 122, 123, 128], "summary": {"covered_lines": 46, "num_statements": 82, "percent_covered": 56.09756097560975, "percent_covered_display": "56.1", "missing_lines": 36, "excluded_lines": 2, "percent_statements_covered": 56.09756097560975, "percent_statements_covered_display": "56.1"}, "missing_lines": [124, 125, 140, 142, 143, 144, 146, 147, 149, 151, 152, 153, 155, 156, 157, 158, 159, 160, 161, 162, 163, 166, 168, 169, 170, 172, 173, 176, 177, 178, 179, 180, 181, 182, 183, 184], "excluded_lines": [11, 12], "functions": {"validate_embedding_config": {"executed_lines": [33, 35, 37, 38, 39, 40, 46, 52, 53, 55, 56, 60, 61, 62, 63, 67], "summary": {"covered_lines": 16, "num_statements": 16, "percent_covered": 100.0, "percent_covered_display": "100.0", "missing_lines": 0, "excluded_lines": 0, "percent_statements_covered": 100.0, "percent_statements_covered_display": "100.0"}, "missing_lines": [], "excluded_lines": [], "start_line": 20}, "test_llm_connection": {"executed_lines": [80, 82, 83, 85, 89, 90, 91, 92, 93, 94], "summary": {"covered_lines": 10, "num_statements": 10, "percent_covered": 100.0, "percent_covered_display": "100.0", "missing_lines": 0, "excluded_lines": 0, "percent_statements_covered": 100.0, "percent_statements_covered_display": "100.0"}, "missing_lines": [], "excluded_lines": [], "start_line": 70}, "test_embedder_connection": {"executed_lines": [107, 110, 111, 112, 114, 115, 116, 120, 121, 122, 123], "summary": {"covered_lines": 11, "num_statements": 13, "percent_covered": 84.61538461538461, "percent_covered_display": "84.6", "missing_lines": 2, "excluded_lines": 0, "percent_statements_covered": 84.61538461538461, "percent_statements_covered_display": "84.6"}, "missing_lines": [124, 125], "excluded_lines": [], "start_line": 97}, "test_ollama_connection": {"executed_lines": [], "summary": {"covered_lines": 0, "num_statements": 34, "percent_covered": 0.0, "percent_covered_display": "0.0", "missing_lines": 34, "excluded_lines": 0, "percent_statements_covered": 0.0, "percent_statements_covered_display": "0.0"}, "missing_lines": [140, 142, 143, 144, 146, 147, 149, 151, 152, 153, 155, 156, 157, 158, 159, 160, 161, 162, 163, 166, 168, 169, 170, 172, 173, 176, 177, 178, 179, 180, 181, 182, 183, 184], "excluded_lines": [], "start_line": 128}, "": {"executed_lines": [8, 9, 14, 15, 17, 20, 70, 97, 128], "summary": {"covered_lines": 9, "num_statements": 9, "percent_covered": 100.0, "percent_covered_display": "100.0", "missing_lines": 0, "excluded_lines": 2, "percent_statements_covered": 100.0, "percent_statements_covered_display": "100.0"}, "missing_lines": [], "excluded_lines": [11, 12], "start_line": 1}}, "classes": {"": {"executed_lines": [8, 9, 14, 15, 17, 20, 33, 35, 37, 38, 39, 40, 46, 52, 53, 55, 56, 60, 61, 62, 63, 67, 70, 80, 82, 83, 85, 89, 90, 91, 92, 93, 94, 97, 107, 110, 111, 112, 114, 115, 116, 120, 121, 122, 123, 128], "summary": {"covered_lines": 46, "num_statements": 82, "percent_covered": 56.09756097560975, "percent_covered_display": "56.1", "missing_lines": 36, "excluded_lines": 2, "percent_statements_covered": 56.09756097560975, "percent_statements_covered_display": "56.1"}, "missing_lines": [124, 125, 140, 142, 143, 144, 146, 147, 149, 151, 152, 153, 155, 156, 157, 158, 159, 160, 161, 162, 163, 166, 168, 169, 170, 172, 173, 176, 177, 178, 179, 180, 181, 182, 183, 184], "excluded_lines": [11, 12], "start_line": 1}}}, "integrations/graphiti/queries_pkg/__init__.py": {"executed_lines": [15, 16, 29], "summary": {"covered_lines": 3, "num_statements": 3, "percent_covered": 100.0, "percent_covered_display": "100.0", "missing_lines": 0, "excluded_lines": 0, "percent_statements_covered": 100.0, "percent_statements_covered_display": "100.0"}, "missing_lines": [], "excluded_lines": [], "functions": {"": {"executed_lines": [15, 16, 29], "summary": {"covered_lines": 3, "num_statements": 3, "percent_covered": 100.0, "percent_covered_display": "100.0", "missing_lines": 0, "excluded_lines": 0, "percent_statements_covered": 100.0, "percent_statements_covered_display": "100.0"}, "missing_lines": [], "excluded_lines": [], "start_line": 1}}, "classes": {"": {"executed_lines": [15, 16, 29], "summary": {"covered_lines": 3, "num_statements": 3, "percent_covered": 100.0, "percent_covered_display": "100.0", "missing_lines": 0, "excluded_lines": 0, "percent_statements_covered": 100.0, "percent_statements_covered_display": "100.0"}, "missing_lines": [], "excluded_lines": [], "start_line": 1}}}, "integrations/graphiti/queries_pkg/client.py": {"executed_lines": [8, 9, 10, 12, 13, 15, 18, 32, 33, 35, 36, 37, 38, 39, 42, 45, 50, 51, 59, 60, 62, 63, 64, 65, 69, 72, 80, 87, 88, 89, 90, 91, 92, 94, 95, 97, 99, 100, 102, 104, 114, 115, 117, 119, 122, 130, 131, 132, 135, 136, 137, 144, 145, 146, 147, 154, 156, 157, 158, 161, 162, 163, 170, 171, 172, 173, 180, 183, 184, 188, 190, 194, 198, 199, 200, 201, 202, 205, 212, 213, 214, 217, 224, 225, 226, 227, 228, 235, 238, 245, 246, 247, 249, 250, 251, 252, 253, 254, 255, 257, 258, 262, 264, 265, 269, 276, 288, 292, 293, 294, 295, 296, 297, 299, 300, 301, 302, 303], "summary": {"covered_lines": 118, "num_statements": 123, "percent_covered": 95.9349593495935, "percent_covered_display": "95.9", "missing_lines": 5, "excluded_lines": 0, "percent_statements_covered": 95.9349593495935, "percent_statements_covered_display": "95.9"}, "missing_lines": [56, 278, 279, 280, 286], "excluded_lines": [], "functions": {"_apply_ladybug_monkeypatch": {"executed_lines": [32, 33, 35, 36, 37, 38, 39, 42, 45, 50, 51, 59, 60, 62, 63, 64, 65, 69], "summary": {"covered_lines": 18, "num_statements": 19, "percent_covered": 94.73684210526316, "percent_covered_display": "94.7", "missing_lines": 1, "excluded_lines": 0, "percent_statements_covered": 94.73684210526316, "percent_statements_covered_display": "94.7"}, "missing_lines": [56], "excluded_lines": [], "start_line": 18}, "GraphitiClient.__init__": {"executed_lines": [87, 88, 89, 90, 91, 92], "summary": {"covered_lines": 6, "num_statements": 6, "percent_covered": 100.0, "percent_covered_display": "100.0", "missing_lines": 0, "excluded_lines": 0, "percent_statements_covered": 100.0, "percent_statements_covered_display": "100.0"}, "missing_lines": [], "excluded_lines": [], "start_line": 80}, "GraphitiClient.graphiti": {"executed_lines": [97], "summary": {"covered_lines": 1, "num_statements": 1, "percent_covered": 100.0, "percent_covered_display": "100.0", "missing_lines": 0, "excluded_lines": 0, "percent_statements_covered": 100.0, "percent_statements_covered_display": "100.0"}, "missing_lines": [], "excluded_lines": [], "start_line": 95}, "GraphitiClient.is_initialized": {"executed_lines": [102], "summary": {"covered_lines": 1, "num_statements": 1, "percent_covered": 100.0, "percent_covered_display": "100.0", "missing_lines": 0, "excluded_lines": 0, "percent_statements_covered": 100.0, "percent_statements_covered_display": "100.0"}, "missing_lines": [], "excluded_lines": [], "start_line": 100}, "GraphitiClient.initialize": {"executed_lines": [114, 115, 117, 119, 122, 130, 131, 132, 135, 136, 137, 144, 145, 146, 147, 154, 156, 157, 158, 161, 162, 163, 170, 171, 172, 173, 180, 183, 184, 188, 190, 194, 198, 199, 200, 201, 202, 205, 212, 213, 214, 217, 224, 225, 226, 227, 228, 235, 238, 245, 246, 247, 249, 250, 251, 252, 253, 254, 255, 257, 258, 262, 264, 265, 269, 276], "summary": {"covered_lines": 66, "num_statements": 70, "percent_covered": 94.28571428571429, "percent_covered_display": "94.3", "missing_lines": 4, "excluded_lines": 0, "percent_statements_covered": 94.28571428571429, "percent_statements_covered_display": "94.3"}, "missing_lines": [278, 279, 280, 286], "excluded_lines": [], "start_line": 104}, "GraphitiClient.close": {"executed_lines": [292, 293, 294, 295, 296, 297, 299, 300, 301, 302, 303], "summary": {"covered_lines": 11, "num_statements": 11, "percent_covered": 100.0, "percent_covered_display": "100.0", "missing_lines": 0, "excluded_lines": 0, "percent_statements_covered": 100.0, "percent_statements_covered_display": "100.0"}, "missing_lines": [], "excluded_lines": [], "start_line": 288}, "": {"executed_lines": [8, 9, 10, 12, 13, 15, 18, 72, 80, 94, 95, 99, 100, 104, 288], "summary": {"covered_lines": 15, "num_statements": 15, "percent_covered": 100.0, "percent_covered_display": "100.0", "missing_lines": 0, "excluded_lines": 0, "percent_statements_covered": 100.0, "percent_statements_covered_display": "100.0"}, "missing_lines": [], "excluded_lines": [], "start_line": 1}}, "classes": {"GraphitiClient": {"executed_lines": [87, 88, 89, 90, 91, 92, 97, 102, 114, 115, 117, 119, 122, 130, 131, 132, 135, 136, 137, 144, 145, 146, 147, 154, 156, 157, 158, 161, 162, 163, 170, 171, 172, 173, 180, 183, 184, 188, 190, 194, 198, 199, 200, 201, 202, 205, 212, 213, 214, 217, 224, 225, 226, 227, 228, 235, 238, 245, 246, 247, 249, 250, 251, 252, 253, 254, 255, 257, 258, 262, 264, 265, 269, 276, 292, 293, 294, 295, 296, 297, 299, 300, 301, 302, 303], "summary": {"covered_lines": 85, "num_statements": 89, "percent_covered": 95.50561797752809, "percent_covered_display": "95.5", "missing_lines": 4, "excluded_lines": 0, "percent_statements_covered": 95.50561797752809, "percent_statements_covered_display": "95.5"}, "missing_lines": [278, 279, 280, 286], "excluded_lines": [], "start_line": 72}, "": {"executed_lines": [8, 9, 10, 12, 13, 15, 18, 32, 33, 35, 36, 37, 38, 39, 42, 45, 50, 51, 59, 60, 62, 63, 64, 65, 69, 72, 80, 94, 95, 99, 100, 104, 288], "summary": {"covered_lines": 33, "num_statements": 34, "percent_covered": 97.05882352941177, "percent_covered_display": "97.1", "missing_lines": 1, "excluded_lines": 0, "percent_statements_covered": 97.05882352941177, "percent_statements_covered_display": "97.1"}, "missing_lines": [56], "excluded_lines": [], "start_line": 1}}}, "integrations/graphiti/queries_pkg/graphiti.py": {"executed_lines": [11, 12, 13, 14, 16, 17, 19, 20, 21, 22, 24, 27, 44, 85, 86, 90, 91, 100, 101, 118, 119, 123, 210, 222, 251, 277, 300, 323, 355, 380, 404, 425, 446, 486, 509, 524], "summary": {"covered_lines": 36, "num_statements": 222, "percent_covered": 16.216216216216218, "percent_covered_display": "16.2", "missing_lines": 186, "excluded_lines": 0, "percent_statements_covered": 16.216216216216218, "percent_statements_covered_display": "16.2"}, "missing_lines": [60, 61, 62, 63, 64, 67, 68, 69, 71, 74, 77, 80, 81, 88, 93, 109, 110, 111, 114, 116, 121, 130, 131, 133, 134, 135, 138, 139, 140, 143, 146, 149, 150, 155, 157, 159, 162, 163, 164, 167, 168, 169, 170, 171, 172, 173, 174, 177, 183, 191, 195, 197, 198, 199, 200, 207, 208, 214, 215, 216, 217, 218, 228, 229, 231, 232, 234, 235, 236, 237, 239, 240, 241, 242, 243, 249, 256, 257, 259, 260, 262, 263, 264, 266, 267, 268, 269, 270, 275, 279, 280, 282, 283, 285, 286, 287, 289, 290, 291, 292, 293, 298, 302, 303, 305, 306, 308, 309, 310, 312, 313, 314, 315, 316, 321, 331, 332, 334, 335, 339, 340, 341, 343, 344, 345, 346, 347, 353, 357, 358, 360, 361, 363, 365, 367, 368, 369, 370, 371, 376, 387, 388, 390, 391, 394, 395, 396, 397, 402, 410, 411, 413, 414, 415, 416, 417, 418, 423, 431, 432, 434, 435, 436, 437, 438, 439, 444, 467, 468, 470, 471, 474, 475, 476, 477, 482, 493, 516, 517, 519, 520, 522, 526, 527, 529, 530], "excluded_lines": [], "functions": {"GraphitiMemory.__init__": {"executed_lines": [], "summary": {"covered_lines": 0, "num_statements": 13, "percent_covered": 0.0, "percent_covered_display": "0.0", "missing_lines": 13, "excluded_lines": 0, "percent_statements_covered": 0.0, "percent_statements_covered_display": "0.0"}, "missing_lines": [60, 61, 62, 63, 64, 67, 68, 69, 71, 74, 77, 80, 81], "excluded_lines": [], "start_line": 44}, "GraphitiMemory.is_enabled": {"executed_lines": [], "summary": {"covered_lines": 0, "num_statements": 1, "percent_covered": 0.0, "percent_covered_display": "0.0", "missing_lines": 1, "excluded_lines": 0, "percent_statements_covered": 0.0, "percent_statements_covered_display": "0.0"}, "missing_lines": [88], "excluded_lines": [], "start_line": 86}, "GraphitiMemory.is_initialized": {"executed_lines": [], "summary": {"covered_lines": 0, "num_statements": 1, "percent_covered": 0.0, "percent_covered_display": "0.0", "missing_lines": 1, "excluded_lines": 0, "percent_statements_covered": 0.0, "percent_statements_covered_display": "0.0"}, "missing_lines": [93], "excluded_lines": [], "start_line": 91}, "GraphitiMemory.group_id": {"executed_lines": [], "summary": {"covered_lines": 0, "num_statements": 5, "percent_covered": 0.0, "percent_covered_display": "0.0", "missing_lines": 5, "excluded_lines": 0, "percent_statements_covered": 0.0, "percent_statements_covered_display": "0.0"}, "missing_lines": [109, 110, 111, 114, 116], "excluded_lines": [], "start_line": 101}, "GraphitiMemory.spec_context_id": {"executed_lines": [], "summary": {"covered_lines": 0, "num_statements": 1, "percent_covered": 0.0, "percent_covered_display": "0.0", "missing_lines": 1, "excluded_lines": 0, "percent_statements_covered": 0.0, "percent_statements_covered_display": "0.0"}, "missing_lines": [121], "excluded_lines": [], "start_line": 119}, "GraphitiMemory.initialize": {"executed_lines": [], "summary": {"covered_lines": 0, "num_statements": 36, "percent_covered": 0.0, "percent_covered_display": "0.0", "missing_lines": 36, "excluded_lines": 0, "percent_statements_covered": 0.0, "percent_statements_covered_display": "0.0"}, "missing_lines": [130, 131, 133, 134, 135, 138, 139, 140, 143, 146, 149, 150, 155, 157, 159, 162, 163, 164, 167, 168, 169, 170, 171, 172, 173, 174, 177, 183, 191, 195, 197, 198, 199, 200, 207, 208], "excluded_lines": [], "start_line": 123}, "GraphitiMemory.close": {"executed_lines": [], "summary": {"covered_lines": 0, "num_statements": 5, "percent_covered": 0.0, "percent_covered_display": "0.0", "missing_lines": 5, "excluded_lines": 0, "percent_statements_covered": 0.0, "percent_statements_covered_display": "0.0"}, "missing_lines": [214, 215, 216, 217, 218], "excluded_lines": [], "start_line": 210}, "GraphitiMemory.save_session_insights": {"executed_lines": [], "summary": {"covered_lines": 0, "num_statements": 14, "percent_covered": 0.0, "percent_covered_display": "0.0", "missing_lines": 14, "excluded_lines": 0, "percent_statements_covered": 0.0, "percent_statements_covered_display": "0.0"}, "missing_lines": [228, 229, 231, 232, 234, 235, 236, 237, 239, 240, 241, 242, 243, 249], "excluded_lines": [], "start_line": 222}, "GraphitiMemory.save_codebase_discoveries": {"executed_lines": [], "summary": {"covered_lines": 0, "num_statements": 13, "percent_covered": 0.0, "percent_covered_display": "0.0", "missing_lines": 13, "excluded_lines": 0, "percent_statements_covered": 0.0, "percent_statements_covered_display": "0.0"}, "missing_lines": [256, 257, 259, 260, 262, 263, 264, 266, 267, 268, 269, 270, 275], "excluded_lines": [], "start_line": 251}, "GraphitiMemory.save_pattern": {"executed_lines": [], "summary": {"covered_lines": 0, "num_statements": 13, "percent_covered": 0.0, "percent_covered_display": "0.0", "missing_lines": 13, "excluded_lines": 0, "percent_statements_covered": 0.0, "percent_statements_covered_display": "0.0"}, "missing_lines": [279, 280, 282, 283, 285, 286, 287, 289, 290, 291, 292, 293, 298], "excluded_lines": [], "start_line": 277}, "GraphitiMemory.save_gotcha": {"executed_lines": [], "summary": {"covered_lines": 0, "num_statements": 13, "percent_covered": 0.0, "percent_covered_display": "0.0", "missing_lines": 13, "excluded_lines": 0, "percent_statements_covered": 0.0, "percent_statements_covered_display": "0.0"}, "missing_lines": [302, 303, 305, 306, 308, 309, 310, 312, 313, 314, 315, 316, 321], "excluded_lines": [], "start_line": 300}, "GraphitiMemory.save_task_outcome": {"executed_lines": [], "summary": {"covered_lines": 0, "num_statements": 13, "percent_covered": 0.0, "percent_covered_display": "0.0", "missing_lines": 13, "excluded_lines": 0, "percent_statements_covered": 0.0, "percent_statements_covered_display": "0.0"}, "missing_lines": [331, 332, 334, 335, 339, 340, 341, 343, 344, 345, 346, 347, 353], "excluded_lines": [], "start_line": 323}, "GraphitiMemory.save_structured_insights": {"executed_lines": [], "summary": {"covered_lines": 0, "num_statements": 12, "percent_covered": 0.0, "percent_covered_display": "0.0", "missing_lines": 12, "excluded_lines": 0, "percent_statements_covered": 0.0, "percent_statements_covered_display": "0.0"}, "missing_lines": [357, 358, 360, 361, 363, 365, 367, 368, 369, 370, 371, 376], "excluded_lines": [], "start_line": 355}, "GraphitiMem
[...]
statements_covered": 0.0, "percent_statements_covered_display": "0.0"}, "missing_lines": [526, 527, 529, 530], "excluded_lines": [], "start_line": 524}, "": {"executed_lines": [11, 12, 13, 14, 16, 17, 19, 20, 21, 22, 24, 27, 44, 85, 86, 90, 91, 100, 101, 118, 119, 123, 210, 222, 251, 277, 300, 323, 355, 380, 404, 425, 446, 486, 509, 524], "summary": {"covered_lines": 36, "num_statements": 36, "percent_covered": 100.0, "percent_covered_display": "100.0", "missing_lines": 0, "excluded_lines": 0, "percent_statements_covered": 100.0, "percent_statements_covered_display": "100.0"}, "missing_lines": [], "excluded_lines": [], "start_line": 1}}, "classes": {"GraphitiMemory": {"executed_lines": [], "summary": {"covered_lines": 0, "num_statements": 186, "percent_covered": 0.0, "percent_covered_display": "0.0", "missing_lines": 186, "excluded_lines": 0, "percent_statements_covered": 0.0, "percent_statements_covered_display": "0.0"}, "missing_lines": [60, 61, 62, 63, 64, 67, 68, 69, 71, 74, 77, 80, 81, 88, 93, 109, 110, 111, 114, 116, 121, 130, 131, 133, 134, 135, 138, 139, 140, 143, 146, 149, 150, 155, 157, 159, 162, 163, 164, 167, 168, 169, 170, 171, 172, 173, 174, 177, 183, 191, 195, 197, 198, 199, 200, 207, 208, 214, 215, 216, 217, 218, 228, 229, 231, 232, 234, 235, 236, 237, 239, 240, 241, 242, 243, 249, 256, 257, 259, 260, 262, 263, 264, 266, 267, 268, 269, 270, 275, 279, 280, 282, 283, 285, 286, 287, 289, 290, 291, 292, 293, 298, 302, 303, 305, 306, 308, 309, 310, 312, 313, 314, 315, 316, 321, 331, 332, 334, 335, 339, 340, 341, 343, 344, 345, 346, 347, 353, 357, 358, 360, 361, 363, 365, 367, 368, 369, 370, 371, 376, 387, 388, 390, 391, 394, 395, 396, 397, 402, 410, 411, 413, 414, 415, 416, 417, 418, 423, 431, 432, 434, 435, 436, 437, 438, 439, 444, 467, 468, 470, 471, 474, 475, 476, 477, 482, 493, 516, 517, 519, 520, 522, 526, 527, 529, 530], "excluded_lines": [], "start_line": 27}, "": {"executed_lines": [11, 12, 13, 14, 16, 17, 19, 20, 21, 22, 24, 27, 44, 85, 86, 90, 91, 100, 101, 118, 119, 123, 210, 222, 251, 277, 300, 323, 355, 380, 404, 425, 446, 486, 509, 524], "summary": {"covered_lines": 36, "num_statements": 36, "percent_covered": 100.0, "percent_covered_display": "100.0", "missing_lines": 0, "excluded_lines": 0, "percent_statements_covered": 100.0, "percent_statements_covered_display": "100.0"}, "missing_lines": [], "excluded_lines": [], "start_line": 1}}}, "integrations/graphiti/queries_pkg/kuzu_driver_patched.py": {"executed_lines": [11, 12, 13, 16, 17, 21, 24, 25, 26, 27, 29, 38, 44, 45, 47, 84, 144, 176], "summary": {"covered_lines": 18, "num_statements": 79, "percent_covered": 22.78481012658228, "percent_covered_display": "22.8", "missing_lines": 61, "excluded_lines": 0, "percent_statements_covered": 22.78481012658228, "percent_statements_covered_display": "22.8"}, "missing_lines": [18, 19, 58, 60, 61, 63, 64, 65, 67, 70, 73, 75, 76, 78, 79, 81, 82, 94, 97, 100, 102, 103, 104, 106, 109, 112, 113, 114, 115, 116, 117, 120, 122, 125, 126, 128, 129, 131, 132, 137, 138, 140, 142, 150, 152, 154, 155, 156, 157, 158, 159, 160, 163, 164, 165, 166, 167, 168, 169, 171, 174], "excluded_lines": [], "functions": {"create_patched_kuzu_driver": {"executed_lines": [25, 26, 27, 29, 38, 47, 84, 144, 176], "summary": {"covered_lines": 9, "num_statements": 9, "percent_covered": 100.0, "percent_covered_display": "100.0", "missing_lines": 0, "excluded_lines": 0, "percent_statements_covered": 100.0, "percent_statements_covered_display": "100.0"}, "missing_lines": [], "excluded_lines": [], "start_line": 24}, "create_patched_kuzu_driver.PatchedKuzuDriver.__init__": {"executed_lines": [44, 45], "summary": {"covered_lines": 2, "num_statements": 2, "percent_covered": 100.0, "percent_covered_display": "100.0", "missing_lines": 0, "excluded_lines": 0, "percent_statements_covered": 100.0, "percent_statements_covered_display": "100.0"}, "missing_lines": [], "excluded_lines": [], "start_line": 38}, "create_patched_kuzu_driver.PatchedKuzuDriver.execute_query": {"executed_lines": [], "summary": {"covered_lines": 0, "num_statements": 15, "percent_covered": 0.0, "percent_covered_display": "0.0", "missing_lines": 15, "excluded_lines": 0, "percent_statements_covered": 0.0, "percent_statements_covered_display": "0.0"}, "missing_lines": [58, 60, 61, 63, 64, 65, 67, 70, 73, 75, 76, 78, 79, 81, 82], "excluded_lines": [], "start_line": 47}, "create_patched_kuzu_driver.PatchedKuzuDriver.build_indices_and_constraints": {"executed_lines": [], "summary": {"covered_lines": 0, "num_statements": 26, "percent_covered": 0.0, "percent_covered_display": "0.0", "missing_lines": 26, "excluded_lines": 0, "percent_statements_covered": 0.0, "percent_statements_covered_display": "0.0"}, "missing_lines": [94, 97, 100, 102, 103, 104, 106, 109, 112, 113, 114, 115, 116, 117, 120, 122, 125, 126, 128, 129, 131, 132, 137, 138, 140, 142], "excluded_lines": [], "start_line": 84}, "create_patched_kuzu_driver.PatchedKuzuDriver.setup_schema": {"executed_lines": [], "summary": {"covered_lines": 0, "num_statements": 18, "percent_covered": 0.0, "percent_covered_display": "0.0", "missing_lines": 18, "excluded_lines": 0, "percent_statements_covered": 0.0, "percent_statements_covered_display": "0.0"}, "missing_lines": [150, 152, 154, 155, 156, 157, 158, 159, 160, 163, 164, 165, 166, 167, 168, 169, 171, 174], "excluded_lines": [], "start_line": 144}, "": {"executed_lines": [11, 12, 13, 16, 17, 21, 24], "summary": {"covered_lines": 7, "num_statements": 9, "percent_covered": 77.77777777777777, "percent_covered_display": "77.8", "missing_lines": 2, "excluded_lines": 0, "percent_statements_covered": 77.77777777777777, "percent_statements_covered_display": "77.8"}, "missing_lines": [18, 19], "excluded_lines": [], "start_line": 1}}, "classes": {"create_patched_kuzu_driver.PatchedKuzuDriver": {"executed_lines": [44, 45], "summary": {"covered_lines": 2, "num_statements": 61, "percent_covered": 3.278688524590164, "percent_covered_display": "3.3", "missing_lines": 59, "excluded_lines": 0, "percent_statements_covered": 3.278688524590164, "percent_statements_covered_display": "3.3"}, "missing_lines": [58, 60, 61, 63, 64, 65, 67, 70, 73, 75, 76, 78, 79, 81, 82, 94, 97, 100, 102, 103, 104, 106, 109, 112, 113, 114, 115, 116, 117, 120, 122, 125, 126, 128, 129, 131, 132, 137, 138, 140, 142, 150, 152, 154, 155, 156, 157, 158, 159, 160, 163, 164, 165, 166, 167, 168, 169, 171, 174], "excluded_lines": [], "start_line": 29}, "": {"executed_lines": [11, 12, 13, 16, 17, 21, 24, 25, 26, 27, 29, 38, 47, 84, 144, 176], "summary": {"covered_lines": 16, "num_statements": 18, "percent_covered": 88.88888888888889, "percent_covered_display": "88.9", "missing_lines": 2, "excluded_lines": 0, "percent_statements_covered": 88.88888888888889, "percent_statements_covered_display": "88.9"}, "missing_lines": [18, 19], "excluded_lines": [], "start_line": 1}}}, "integrations/graphiti/queries_pkg/queries.py": {"executed_lines": [7, 8, 9, 11, 13, 21, 24, 32, 41, 42, 43, 45, 60, 61, 63, 71, 80, 83, 85, 86, 87, 94, 96, 109, 110, 112, 113, 115, 122, 131, 132, 134, 135, 136, 143, 145, 155, 156, 158, 165, 174, 175, 177, 178, 179, 186, 188, 198, 199, 201, 208, 217, 218, 220, 221, 222, 229, 231, 250, 251, 253, 263, 272, 273, 274, 276, 277, 278, 287, 289, 299, 300, 302, 303, 305, 306, 309, 310, 311, 312, 323, 331, 332, 333, 334, 335, 337, 340, 341, 342, 343, 348, 353, 357, 366, 374, 375, 376, 377, 378, 380, 383, 384, 385, 386, 391, 394, 398, 407, 415, 416, 417, 421, 424, 425, 426, 427, 428, 429, 431, 444, 452, 453, 456, 460, 463, 464, 465, 466, 467, 477, 485, 486, 487, 491, 493, 497], "summary": {"covered_lines": 137, "num_statements": 158, "percent_covered": 86.70886075949367, "percent_covered_display": "86.7", "missing_lines": 21, "excluded_lines": 0, "percent_statements_covered": 86.70886075949367, "percent_statements_covered_display": "86.7"}, "missing_lines": [418, 419, 457, 458, 488, 489, 499, 500, 502, 503, 504, 505, 506, 507, 508, 509, 510, 511, 512, 516, 523], "excluded_lines": [], "functions": {"GraphitiQueries.__init__": {"executed_lines": [41, 42, 43], "summary": {"covered_lines": 3, "num_statements": 3, "percent_covered": 100.0, "percent_covered_display": "100.0", "missing_lines": 0, "excluded_lines": 0, "percent_statements_covered": 100.0, "percent_statements_covered_display": "100.0"}, "missing_lines": [], "excluded_lines": [], "start_line": 32}, "GraphitiQueries.add_session_insight": {"executed_lines": [60, 61, 63, 71, 80, 83, 85, 86, 87, 94], "summary": {"covered_lines": 10, "num_statements": 10, "percent_covered": 100.0, "percent_covered_display": "100.0", "missing_lines": 0, "excluded_lines": 0, "percent_statements_covered": 100.0, "percent_statements_covered_display": "100.0"}, "missing_lines": [], "excluded_lines": [], "start_line": 45}, "GraphitiQueries.add_codebase_discoveries": {"executed_lines": [109, 110, 112, 113, 115, 122, 131, 132, 134, 135, 136, 143], "summary": {"covered_lines": 12, "num_statements": 12, "percent_covered": 100.0, "percent_covered_display": "100.0", "missing_lines": 0, "excluded_lines": 0, "percent_statements_covered": 100.0, "percent_statements_covered_display": "100.0"}, "missing_lines": [], "excluded_lines": [], "start_line": 96}, "GraphitiQueries.add_pattern": {"executed_lines": [155, 156, 158, 165, 174, 175, 177, 178, 179, 186], "summary": {"covered_lines": 10, "num_statements": 10, "percent_covered": 100.0, "percent_covered_display": "100.0", "missing_lines": 0, "excluded_lines": 0, "percent_statements_covered": 100.0, "percent_statements_covered_display": "100.0"}, "missing_lines": [], "excluded_lines": [], "start_line": 145}, "GraphitiQueries.add_gotcha": {"executed_lines": [198, 199, 201, 208, 217, 218, 220, 221, 222, 229], "summary": {"covered_lines": 10, "num_statements": 10, "percent_covered": 100.0, "percent_covered_display": "100.0", "missing_lines": 0, "excluded_lines": 0, "percent_statements_covered": 100.0, "percent_statements_covered_display": "100.0"}, "missing_lines": [], "excluded_lines": [], "start_line": 188}, "GraphitiQueries.add_task_outcome": {"executed_lines": [250, 251, 253, 263, 272, 273, 274, 276, 277, 278, 287], "summary": {"covered_lines": 11, "num_statements": 11, "percent_covered": 100.0, "percent_covered_display": "100.0", "missing_lines": 0, "excluded_lines": 0, "percent_statements_covered": 100.0, "percent_statements_covered_display": "100.0"}, "missing_lines": [], "excluded_lines": [], "start_line": 231}, "GraphitiQueries.add_structured_insights": {"executed_lines": [299, 300, 302, 303, 305, 306, 309, 310, 311, 312, 323, 331, 332, 333, 334, 335, 337, 340, 341, 342, 343, 348, 353, 357, 366, 374, 375, 376, 377, 378, 380, 383, 384, 385, 386, 391, 394, 398, 407, 415, 416, 417, 421, 424, 425, 426, 427, 428, 429, 431, 444, 452, 453, 456, 460, 463, 464, 465, 466, 467, 477, 485, 486, 487, 491, 493, 497], "summary": {"covered_lines": 67, "num_statements": 88, "percent_covered": 76.13636363636364, "percent_covered_display": "76.1", "missing_lines": 21, "excluded_lines": 0, "percent_statements_covered": 76.13636363636364, "percent_statements_covered_display": "76.1"}, "missing_lines": [418, 419, 457, 458, 488, 489, 499, 500, 502, 503, 504, 505, 506, 507, 508, 509, 510, 511, 512, 516, 523], "excluded_lines": [], "start_line": 289}, "": {"executed_lines": [7, 8, 9, 11, 13, 21, 24, 32, 45, 96, 145, 188, 231, 289], "summary": {"covered_lines": 14, "num_statements": 14, "percent_covered": 100.0, "percent_covered_display": "100.0", "missing_lines": 0, "excluded_lines": 0, "percent_statements_covered": 100.0, "percent_statements_covered_display": "100.0"}, "missing_lines": [], "excluded_lines": [], "start_line": 1}}, "classes": {"GraphitiQueries": {"executed_lines": [41, 42, 43, 60, 61, 63, 71, 80, 83, 85, 86, 87, 94, 109, 110, 112, 113, 115, 122, 131, 132, 134, 135, 136, 143, 155, 156, 158, 165, 174, 175, 177, 178, 179, 186, 198, 199, 201, 208, 217, 218, 220, 221, 222, 229, 250, 251, 253, 263, 272, 273, 274, 276, 277, 278, 287, 299, 300, 302, 303, 305, 306, 309, 310, 311, 312, 323, 331, 332, 333, 334, 335, 337, 340, 341, 342, 343, 348, 353, 357, 366, 374, 375, 376, 377, 378, 380, 383, 384, 385, 386, 391, 394, 398, 407, 415, 416, 417, 421, 424, 425, 426, 427, 428, 429, 431, 444, 452, 453, 456, 460, 463, 464, 465, 466, 467, 477, 485, 486, 487, 491, 493, 497], "summary": {"covered_lines": 123, "num_statements": 144, "percent_covered": 85.41666666666667, "percent_covered_display": "85.4", "missing_lines": 21, "excluded_lines": 0, "percent_statements_covered": 85.41666666666667, "percent_statements_covered_display": "85.4"}, "missing_lines": [418, 419, 457, 458, 488, 489, 499, 500, 502, 503, 504, 505, 506, 507, 508, 509, 510, 511, 512, 516, 523], "excluded_lines": [], "start_line": 24}, "": {"executed_lines": [7, 8, 9, 11, 13, 21, 24, 32, 45, 96, 145, 188, 231, 289], "summary": {"covered_lines": 14, "num_statements": 14, "percent_covered": 100.0, "percent_covered_display": "100.0", "missing_lines": 0, "excluded_lines": 0, "percent_statements_covered": 100.0, "percent_statements_covered_display": "100.0"}, "missing_lines": [], "excluded_lines": [], "start_line": 1}}}, "integrations/graphiti/queries_pkg/schema.py": {"executed_lines": [8, 9, 10, 11, 12, 13, 14, 17, 20, 21, 24, 27, 28], "summary": {"covered_lines": 13, "num_statements": 13, "percent_covered": 100.0, "percent_covered_display": "100.0", "missing_lines": 0, "excluded_lines": 0, "percent_statements_covered": 100.0, "percent_statements_covered_display": "100.0"}, "missing_lines": [], "excluded_lines": [], "functions": {"": {"executed_lines": [8, 9, 10, 11, 12, 13, 14, 17, 20, 21, 24, 27, 28], "summary": {"covered_lines": 13, "num_statements": 13, "percent_covered": 100.0, "percent_covered_display": "100.0", "missing_lines": 0, "excluded_lines": 0, "percent_statements_covered": 100.0, "percent_statements_covered_display": "100.0"}, "missing_lines": [], "excluded_lines": [], "start_line": 1}}, "classes": {"GroupIdMode": {"executed_lines": [], "summary": {"covered_lines": 0, "num_statements": 0, "percent_covered": 100.0, "percent_covered_display": "100.0", "missing_lines": 0, "excluded_lines": 0, "percent_statements_covered": 100.0, "percent_statements_covered_display": "100.0"}, "missing_lines": [], "excluded_lines": [], "start_line": 24}, "": {"executed_lines": [8, 9, 10, 11, 12, 13, 14, 17, 20, 21, 24, 27, 28], "summary": {"covered_lines": 13, "num_statements": 13, "percent_covered": 100.0, "percent_covered_display": "100.0", "missing_lines": 0, "excluded_lines": 0, "percent_statements_covered": 100.0, "percent_statements_covered_display": "100.0"}, "missing_lines": [], "excluded_lines": [], "start_line": 1}}}, "integrations/graphiti/queries_pkg/search.py": {"executed_lines": [7, 8, 9, 10, 12, 14, 23, 26, 33, 51, 52, 53, 54, 55, 57, 75, 77, 80, 81, 82, 85, 86, 87, 89, 95, 96, 98, 104, 113, 114, 118, 121, 123, 124, 125, 131, 133, 148, 149, 155, 156, 157, 160, 161, 162, 166, 168, 170, 174, 175, 176, 177, 180, 181, 183, 184, 185, 190, 192, 207, 208, 214, 215, 216, 219, 220, 221, 225, 227, 228, 236, 237, 239, 241, 242, 243, 249, 251, 272, 273, 275, 277, 283, 284, 287, 289, 290, 292, 293, 294, 298, 300, 301, 309, 310, 313, 319, 320, 323, 325, 326, 328, 329, 330, 334, 336, 337, 349, 350, 352, 355, 357, 358, 359, 365], "summary": {"covered_lines": 115, "num_statements": 121, "percent_covered": 95.04132231404958, "percent_covered_display": "95.0", "missing_lines": 6, "excluded_lines": 0, "percent_statements_covered": 95.04132231404958, "percent_statements_covered_display": "95.0"}, "missing_lines": [167, 226, 299, 335, 345, 346], "excluded_lines": [], "functions": {"GraphitiSearch.__init__": {"executed_lines": [51, 52, 53, 54, 55], "summary": {"covered_lines": 5, "num_statements": 5, "percent_covered": 100.0, "percent_covered_display": "100.0", "missing_lines": 0, "excluded_lines": 0, "percent_statements_covered": 100.0, "percent_statements_covered_display": "100.0"}, "missing_lines": [], "excluded_lines": [], "start_line": 33}, "GraphitiSearch.get_relevant_context": {"executed_lines": [75, 77, 80, 81, 82, 85, 86, 87, 89, 95, 96, 98, 104, 113, 114, 118, 121, 123, 124, 125, 131], "summary": {"covered_lines": 21, "num_statements": 21, "percent_covered": 100.0, "percent_covered_display": "100.0", "missing_lines": 0, "excluded_lines": 0, "percent_statements_covered": 100.0, "percent_statements_covered_display": "100.0"}, "missing_lines": [], "excluded_lines": [], "start_line": 57}, "GraphitiSearch.get_session_history": {"executed_lines": [148, 149, 155, 156, 157, 160, 161, 162, 166, 168, 170, 174, 175, 176, 177, 180, 181, 183, 184, 185, 190], "summary": {"covered_lines": 21, "num_statements": 22, "percent_covered": 95.45454545454545, "percent_covered_display": "95.5", "missing_lines": 1, "excluded_lines": 0, "percent_statements_covered": 95.45454545454545, "percent_statements_covered_display": "95.5"}, "missing_lines": [167], "excluded_lines": [], "start_line": 133}, "GraphitiSearch.get_similar_task_outcomes": {"executed_lines": [207, 208, 214, 215, 216, 219, 220, 221, 225, 227, 228, 236, 237, 239, 241, 242, 243, 249], "summary": {"covered_lines": 18, "num_statements": 19, "percent_covered": 94.73684210526316, "percent_covered_display": "94.7", "missing_lines": 1, "excluded_lines": 0, "percent_statements_covered": 94.73684210526316, "percent_statements_covered_display": "94.7"}, "missing_lines": [226], "excluded_lines": [], "start_line": 192}, "GraphitiSearch.get_patterns_and_gotchas": {"executed_lines": [272, 273, 275, 277, 283, 284, 287, 289, 290, 292, 293, 294, 298, 300, 301, 309, 310, 313, 319, 320, 323, 325, 326, 328, 329, 330, 334, 336, 337, 349, 350, 352, 355, 357, 358, 359, 365], "summary": {"covered_lines": 37, "num_statements": 41, "percent_covered": 90.2439024390244, "percent_covered_display": "90.2", "missing_lines": 4, "excluded_lines": 0, "percent_statements_covered": 90.2439024390244, "percent_statements_covered_display": "90.2"}, "missing_lines": [299, 335, 345, 346], "excluded_lines": [], "start_line": 251}, "": {"executed_lines": [7, 8, 9, 10, 12, 14, 23, 26, 33, 57, 133, 192, 251], "summary": {"covered_lines": 13, "num_statements": 13, "percent_covered": 100.0, "percent_covered_display": "100.0", "missing_lines": 0, "excluded_lines": 0, "percent_statements_covered": 100.0, "percent_statements_covered_display": "100.0"}, "missing_lines": [], "excluded_lines": [], "start_line": 1}}, "classes": {"GraphitiSearch": {"executed_lines": [51, 52, 53, 54, 55, 75, 77, 80, 81, 82, 85, 86, 87, 89, 95, 96, 98, 104, 113, 114, 118, 121, 123, 124, 125, 131, 148, 149, 155, 156, 157, 160, 161, 162, 166, 168, 170, 174, 175, 176, 177, 180, 181, 183, 184, 185, 190, 207, 208, 214, 215, 216, 219, 220, 221, 225, 227, 228, 236, 237, 239, 241, 242, 243, 249, 272, 273, 275, 277, 283, 284, 287, 289, 290, 292, 293, 294, 298, 300, 301, 309, 310, 313, 319, 320, 323, 325, 326, 328, 329, 330, 334, 336, 337, 349, 350, 352, 355, 357, 358, 359, 365], "summary": {"covered_lines": 102, "num_statements": 108, "percent_covered": 94.44444444444444, "percent_covered_display": "94.4", "missing_lines": 6, "excluded_lines": 0, "percent_statements_covered": 94.44444444444444, "percent_statements_covered_display": "94.4"}, "missing_lines": [167, 226, 299, 335, 345, 346], "excluded_lines": [], "start_line": 26}, "": {"executed_lines": [7, 8, 9, 10, 12, 14, 23, 26, 33, 57, 133, 192, 251], "summary": {"covered_lines": 13, "num_statements": 13, "percent_covered": 100.0, "percent_covered_display": "100.0", "missing_lines": 0, "excluded_lines": 0, "percent_statements_covered": 100.0, "percent_statements_covered_display": "100.0"}, "missing_lines": [], "excluded_lines": [], "start_line": 1}}}}, "totals": {"covered_lines": 1140, "num_statements": 1698, "percent_covered": 67.13780918727915, "percent_covered_display": "67.1", "missing_lines": 558, "excluded_lines": 38, "percent_statements_covered": 67.13780918727915, "percent_statements_covered_display": "67.1"}}
